#
# There is insufficient memory for the Java Runtime Environment to continue.
# Native memory allocation (malloc) failed to allocate 1063616 bytes for Chunk::new
# Possible reasons:
#   The system is out of physical RAM or swap space
#   The process is running with CompressedOops enabled, and the Java Heap may be blocking the growth of the native heap
# Possible solutions:
#   Reduce memory load on the system
#   Increase physical memory or swap space
#   Check if swap backing store is full
#   Decrease Java heap size (-Xmx/-Xms)
#   Decrease number of Java threads
#   Decrease Java thread stack sizes (-Xss)
#   Set larger code cache with -XX:ReservedCodeCacheSize=
#   JVM is running with Unscaled Compressed Oops mode in which the Java heap is
#     placed in the first 4GB address space. The Java Heap base address is the
#     maximum limit for the native heap growth. Please use -XX:HeapBaseMinAddress
#     to set the Java Heap base and to place the Java Heap above 4GB virtual address.
# This output file may be truncated or incomplete.
#
#  Out of Memory Error (./src/hotspot/share/memory/arena.cpp:197), pid=97268, tid=103536
#
# JRE version: OpenJDK Runtime Environment (11.0.12+7) (build 11.0.12+7-b1504.28-7817840)
# Java VM: OpenJDK 64-Bit Server VM (11.0.12+7-b1504.28-7817840, mixed mode, tiered, compressed oops, g1 gc, windows-amd64)
# No core dump will be written. Minidumps are not enabled by default on client versions of Windows
#

---------------  S U M M A R Y ------------

Command Line: --add-opens=java.base/java.util=ALL-UNNAMED --add-opens=java.base/java.lang=ALL-UNNAMED --add-opens=java.base/java.lang.invoke=ALL-UNNAMED --add-opens=java.base/java.util=ALL-UNNAMED --add-opens=java.prefs/java.util.prefs=ALL-UNNAMED --add-opens=java.prefs/java.util.prefs=ALL-UNNAMED --add-opens=java.base/java.nio.charset=ALL-UNNAMED --add-opens=java.base/java.net=ALL-UNNAMED --add-opens=java.base/java.util.concurrent.atomic=ALL-UNNAMED -Xmx2048m -Dfile.encoding=UTF-8 -Duser.country=ID -Duser.language=en -Duser.variant org.gradle.launcher.daemon.bootstrap.GradleDaemon 7.3.3

Host: AMD Ryzen 3 5300U with Radeon Graphics         , 8 cores, 5G,  Windows 10 , 64 bit Build 22000 (10.0.22000.1219)
Time: Thu Nov 24 19:17:54 2022 SE Asia Standard Time elapsed time: 4201.045896 seconds (0d 1h 10m 1s)

---------------  T H R E A D  ---------------

Current thread (0x0000022ffd3e0000):  JavaThread "C2 CompilerThread0" daemon [_thread_in_native, id=103536, stack(0x0000009085300000,0x0000009085400000)]


Current CompileTask:
C2:4201046 25685  s    4       org.gradle.internal.component.external.model.AbstractLazyModuleComponentResolveMetadata::getVariantsForGraphTraversal (20 bytes)

Stack: [0x0000009085300000,0x0000009085400000]
Native frames: (J=compiled Java code, j=interpreted, Vv=VM code, C=native code)
V  [jvm.dll+0x5fbcea]
V  [jvm.dll+0x731905]
V  [jvm.dll+0x732f1d]
V  [jvm.dll+0x7335d3]
V  [jvm.dll+0x247bf8]
V  [jvm.dll+0xc018c]
V  [jvm.dll+0xc06cc]
V  [jvm.dll+0x2bcc04]
V  [jvm.dll+0x5113a8]
V  [jvm.dll+0x201c5a]
V  [jvm.dll+0x1ff71f]
V  [jvm.dll+0x18868c]
V  [jvm.dll+0x20e0d7]
V  [jvm.dll+0x20c901]
V  [jvm.dll+0x6f9b7f]
V  [jvm.dll+0x6f26a5]
V  [jvm.dll+0x5fabf6]
C  [ucrtbase.dll+0x26c0c]
C  [KERNEL32.DLL+0x15550]
C  [ntdll.dll+0x485b]


---------------  P R O C E S S  ---------------

Threads class SMR info:
_java_thread_list=0x0000022f93529e80, length=133, elements={
0x0000022ff1f54000, 0x0000022ffd3b8000, 0x0000022ffd3c6000, 0x0000022ffdd52800,
0x0000022ffd3da000, 0x0000022ffd3da800, 0x0000022ffd3e0000, 0x0000022ffd3e3000,
0x0000022ffd3f1800, 0x0000022ffdea4800, 0x0000022ffe6af800, 0x0000022fff0a1000,
0x0000022fff45b800, 0x0000022f8f291000, 0x0000022f8f28b000, 0x0000022f8f28d000,
0x0000022f8f290000, 0x0000022f8f28d800, 0x0000022f90e87800, 0x0000022f90e8c000,
0x0000022f90e8d000, 0x0000022f90e88000, 0x0000022f90e89000, 0x0000022f90f84800,
0x0000022f90f87000, 0x0000022f90f8b000, 0x0000022f90f85800, 0x0000022f90faf000,
0x0000022f90faf800, 0x0000022f950d1800, 0x0000022f94f37000, 0x0000022f94f36000,
0x0000022f94f38800, 0x0000022f94f39800, 0x0000022f94f35800, 0x0000022f94f3b000,
0x0000022f94f3d800, 0x0000022f94f37800, 0x0000022f94f40000, 0x0000022f94f3c000,
0x0000022f94f3e800, 0x0000022f94f3c800, 0x0000022f94f3a000, 0x0000022f94f44000,
0x0000022f94f41800, 0x0000022f94f42800, 0x0000022f94f43000, 0x0000022f94f40800,
0x0000022f94f3f000, 0x0000022f950cd800, 0x0000022f950cf800, 0x0000022f950ce800,
0x0000022f950d2800, 0x0000022f950cd000, 0x0000022f950d3800, 0x0000022f950d5000,
0x0000022f950d4000, 0x0000022f950d6000, 0x0000022f950d0000, 0x0000022f950da800,
0x0000022f950da000, 0x0000022f950d7800, 0x0000022f950d8800, 0x0000022f950d9000,
0x0000022f90fb1800, 0x0000022f90fb2000, 0x0000022f90fac800, 0x0000022f90fb3000,
0x0000022f90fad000, 0x0000022f90fb4000, 0x0000022f90fae000, 0x0000022f90fb8800,
0x0000022f90fba800, 0x0000022f90fbb000, 0x0000022f90fb5800, 0x0000022f90fb6000,
0x0000022f90fb7000, 0x0000022f90fb8000, 0x0000022f90fb9800, 0x0000022f90f80800,
0x0000022f90f81800, 0x0000022f90f82000, 0x0000022f90f7c800, 0x0000022f90f83000,
0x0000022f90f7e000, 0x0000022f90f7d000, 0x0000022f90f84000, 0x0000022f90f7f000,
0x0000022f90f7f800, 0x0000022f90f86000, 0x0000022f90f89800, 0x0000022f90f88000,
0x0000022f90f88800, 0x0000022f90f8a800, 0x0000022f90e8e800, 0x0000022f90e8f800,
0x0000022f90e90800, 0x0000022f90e8a800, 0x0000022f90e92000, 0x0000022f90e96000,
0x0000022f90e93800, 0x0000022f90e91000, 0x0000022f90e94800, 0x0000022f90e95000,
0x0000022f90e92800, 0x0000022f8f28c000, 0x0000022f8f291800, 0x0000022f8f28e800,
0x0000022f8f28f800, 0x0000022f938c5000, 0x0000022f938c7800, 0x0000022f938c8800,
0x0000022f938c2800, 0x0000022f938c3800, 0x0000022f938c6000, 0x0000022f938c4800,
0x0000022f938c9000, 0x0000022f938c6800, 0x0000022f938ce000, 0x0000022f938ca000,
0x0000022f938cd800, 0x0000022f938cf000, 0x0000022f938d0800, 0x0000022f938cc800,
0x0000022f938cf800, 0x0000022f938cb000, 0x0000022f938d1800, 0x0000022f938cb800,
0x0000022f99b3f800, 0x0000022f99b40000, 0x0000022f99b44800, 0x0000022f99b46000,
0x0000022f99b42000
}

Java Threads: ( => current thread )
  0x0000022ff1f54000 JavaThread "main" [_thread_blocked, id=79488, stack(0x0000009084700000,0x0000009084800000)]
  0x0000022ffd3b8000 JavaThread "Reference Handler" daemon [_thread_blocked, id=53836, stack(0x0000009084e00000,0x0000009084f00000)]
  0x0000022ffd3c6000 JavaThread "Finalizer" daemon [_thread_blocked, id=99336, stack(0x0000009084f00000,0x0000009085000000)]
  0x0000022ffdd52800 JavaThread "Signal Dispatcher" daemon [_thread_blocked, id=76360, stack(0x0000009085000000,0x0000009085100000)]
  0x0000022ffd3da000 JavaThread "Attach Listener" daemon [_thread_blocked, id=86176, stack(0x0000009085100000,0x0000009085200000)]
  0x0000022ffd3da800 JavaThread "Service Thread" daemon [_thread_blocked, id=103616, stack(0x0000009085200000,0x0000009085300000)]
=>0x0000022ffd3e0000 JavaThread "C2 CompilerThread0" daemon [_thread_in_native, id=103536, stack(0x0000009085300000,0x0000009085400000)]
  0x0000022ffd3e3000 JavaThread "C1 CompilerThread0" daemon [_thread_blocked, id=100196, stack(0x0000009085400000,0x0000009085500000)]
  0x0000022ffd3f1800 JavaThread "Sweeper thread" daemon [_thread_blocked, id=96756, stack(0x0000009085500000,0x0000009085600000)]
  0x0000022ffdea4800 JavaThread "Common-Cleaner" daemon [_thread_blocked, id=95764, stack(0x0000009085600000,0x0000009085700000)]
  0x0000022ffe6af800 JavaThread "Daemon health stats" [_thread_blocked, id=101416, stack(0x0000009085900000,0x0000009085a00000)]
  0x0000022fff0a1000 JavaThread "Incoming local TCP Connector on port 55501" [_thread_in_native, id=91568, stack(0x0000009085a00000,0x0000009085b00000)]
  0x0000022fff45b800 JavaThread "Daemon periodic checks" [_thread_blocked, id=92084, stack(0x0000009085b00000,0x0000009085c00000)]
  0x0000022f8f291000 JavaThread "Cache worker for journal cache (C:\Users\LENOVO\.gradle\caches\journal-1)" [_thread_blocked, id=88492, stack(0x0000009086900000,0x0000009086a00000)]
  0x0000022f8f28b000 JavaThread "File lock request listener" [_thread_in_native, id=88516, stack(0x0000009086a00000,0x0000009086b00000)]
  0x0000022f8f28d000 JavaThread "Cache worker for file hash cache (C:\Users\LENOVO\.gradle\caches\7.3.3\fileHashes)" [_thread_blocked, id=62420, stack(0x0000009086b00000,0x0000009086c00000)]
  0x0000022f8f290000 JavaThread "File watcher server" daemon [_thread_in_native, id=72544, stack(0x0000009086e00000,0x0000009086f00000)]
  0x0000022f8f28d800 JavaThread "File watcher consumer" daemon [_thread_blocked, id=101576, stack(0x0000009086f00000,0x0000009087000000)]
  0x0000022f90e87800 JavaThread "Cache worker for execution history cache (C:\Users\LENOVO\.gradle\caches\7.3.3\executionHistory)" [_thread_blocked, id=90724, stack(0x0000009087300000,0x0000009087400000)]
  0x0000022f90e8c000 JavaThread "jar transforms" [_thread_blocked, id=102408, stack(0x0000009087400000,0x0000009087500000)]
  0x0000022f90e8d000 JavaThread "Cache worker for file content cache (C:\Users\LENOVO\.gradle\caches\7.3.3\fileContent)" [_thread_blocked, id=88228, stack(0x0000009087500000,0x0000009087600000)]
  0x0000022f90e88000 JavaThread "jar transforms Thread 2" [_thread_blocked, id=97404, stack(0x0000009087600000,0x0000009087700000)]
  0x0000022f90e89000 JavaThread "jar transforms Thread 3" [_thread_blocked, id=99492, stack(0x0000009087800000,0x0000009087900000)]
  0x0000022f90f84800 JavaThread "jar transforms Thread 4" [_thread_blocked, id=72100, stack(0x000000908ca00000,0x000000908cb00000)]
  0x0000022f90f87000 JavaThread "jar transforms Thread 5" [_thread_blocked, id=103648, stack(0x000000908cb00000,0x000000908cc00000)]
  0x0000022f90f8b000 JavaThread "jar transforms Thread 6" [_thread_blocked, id=97748, stack(0x000000908cc00000,0x000000908cd00000)]
  0x0000022f90f85800 JavaThread "jar transforms Thread 7" [_thread_blocked, id=74380, stack(0x000000908cd00000,0x000000908ce00000)]
  0x0000022f90faf000 JavaThread "jar transforms Thread 8" [_thread_blocked, id=101160, stack(0x000000908ce00000,0x000000908cf00000)]
  0x0000022f90faf800 JavaThread "Memory manager" [_thread_blocked, id=46272, stack(0x000000908cf00000,0x000000908d000000)]
  0x0000022f950d1800 JavaThread "Cache worker for Java compile cache (C:\Users\LENOVO\.gradle\caches\7.3.3\javaCompile)" [_thread_blocked, id=102308, stack(0x000000908df00000,0x000000908e000000)]
  0x0000022f94f37000 JavaThread "ForkJoinPool.commonPool-worker-3" daemon [_thread_blocked, id=104592, stack(0x000000908ec00000,0x000000908ed00000)]
  0x0000022f94f36000 JavaThread "Daemon Thread 4" [_thread_blocked, id=59600, stack(0x0000009084400000,0x0000009084500000)]
  0x0000022f94f38800 JavaThread "Handler for socket connection from /127.0.0.1:55501 to /127.0.0.1:57007" [_thread_in_native, id=95624, stack(0x0000009084500000,0x0000009084600000)]
  0x0000022f94f39800 JavaThread "Cancel handler" [_thread_blocked, id=90624, stack(0x0000009084600000,0x0000009084700000)]
  0x0000022f94f35800 JavaThread "Daemon worker Thread 4" [_thread_blocked, id=99684, stack(0x0000009085c00000,0x0000009085d00000)]
  0x0000022f94f3b000 JavaThread "Asynchronous log dispatcher for DefaultDaemonConnection: socket connection from /127.0.0.1:55501 to /127.0.0.1:57007" [_thread_blocked, id=96820, stack(0x0000009085d00000,0x0000009085e00000)]
  0x0000022f94f3d800 JavaThread "Stdin handler" [_thread_blocked, id=102172, stack(0x0000009085e00000,0x0000009085f00000)]
  0x0000022f94f37800 JavaThread "Daemon client event forwarder" [_thread_blocked, id=90772, stack(0x0000009085f00000,0x0000009086000000)]
  0x0000022f94f40000 JavaThread "Cache worker for file hash cache (D:\COOLYEAH\SMT 5\Praktikum PPB\TUGAS AKHIR\.gradle\7.3.3\fileHashes)" [_thread_blocked, id=96652, stack(0x0000009086200000,0x0000009086300000)]
  0x0000022f94f3c000 JavaThread "Cache worker for checksums cache (D:\COOLYEAH\SMT 5\Praktikum PPB\TUGAS AKHIR\.gradle\7.3.3\checksums)" [_thread_blocked, id=101364, stack(0x0000009086d00000,0x0000009086e00000)]
  0x0000022f94f3e800 JavaThread "Cache worker for cache directory md-supplier (C:\Users\LENOVO\.gradle\caches\7.3.3\md-supplier)" [_thread_blocked, id=104876, stack(0x0000009087000000,0x0000009087100000)]
  0x0000022f94f3c800 JavaThread "Cache worker for cache directory md-rule (C:\Users\LENOVO\.gradle\caches\7.3.3\md-rule)" [_thread_blocked, id=90492, stack(0x0000009087100000,0x0000009087200000)]
  0x0000022f94f3a000 JavaThread "Cache worker for dependencies-accessors (D:\COOLYEAH\SMT 5\Praktikum PPB\TUGAS AKHIR\.gradle\7.3.3\dependencies-accessors)" [_thread_blocked, id=105312, stack(0x0000009087200000,0x0000009087300000)]
  0x0000022f94f44000 JavaThread "Cache worker for Build Output Cleanup Cache (D:\COOLYEAH\SMT 5\Praktikum PPB\TUGAS AKHIR\.gradle\buildOutputCleanup)" [_thread_blocked, id=80512, stack(0x0000009087700000,0x0000009087800000)]
  0x0000022f94f41800 JavaThread "Unconstrained build operations" [_thread_blocked, id=80544, stack(0x0000009087900000,0x0000009087a00000)]
  0x0000022f94f42800 JavaThread "Unconstrained build operations Thread 2" [_thread_blocked, id=106248, stack(0x0000009087a00000,0x0000009087b00000)]
  0x0000022f94f43000 JavaThread "Unconstrained build operations Thread 3" [_thread_blocked, id=101408, stack(0x0000009087b00000,0x0000009087c00000)]
  0x0000022f94f40800 JavaThread "Unconstrained build operations Thread 4" [_thread_blocked, id=102484, stack(0x0000009087c00000,0x0000009087d00000)]
  0x0000022f94f3f000 JavaThread "Unconstrained build operations Thread 5" [_thread_blocked, id=97076, stack(0x0000009087d00000,0x0000009087e00000)]
  0x0000022f950cd800 JavaThread "Unconstrained build operations Thread 6" [_thread_blocked, id=99412, stack(0x0000009087e00000,0x0000009087f00000)]
  0x0000022f950cf800 JavaThread "Unconstrained build operations Thread 7" [_thread_blocked, id=105084, stack(0x0000009087f00000,0x0000009088000000)]
  0x0000022f950ce800 JavaThread "Unconstrained build operations Thread 8" [_thread_blocked, id=89644, stack(0x0000009088000000,0x0000009088100000)]
  0x0000022f950d2800 JavaThread "Unconstrained build operations Thread 9" [_thread_blocked, id=81016, stack(0x0000009088100000,0x0000009088200000)]
  0x0000022f950cd000 JavaThread "Unconstrained build operations Thread 10" [_thread_blocked, id=93888, stack(0x0000009088200000,0x0000009088300000)]
  0x0000022f950d3800 JavaThread "Unconstrained build operations Thread 11" [_thread_blocked, id=77360, stack(0x0000009088300000,0x0000009088400000)]
  0x0000022f950d5000 JavaThread "Unconstrained build operations Thread 12" [_thread_blocked, id=83832, stack(0x0000009088400000,0x0000009088500000)]
  0x0000022f950d4000 JavaThread "Unconstrained build operations Thread 13" [_thread_blocked, id=105856, stack(0x0000009088500000,0x0000009088600000)]
  0x0000022f950d6000 JavaThread "Unconstrained build operations Thread 14" [_thread_blocked, id=69676, stack(0x0000009088600000,0x0000009088700000)]
  0x0000022f950d0000 JavaThread "Unconstrained build operations Thread 15" [_thread_blocked, id=104760, stack(0x0000009088700000,0x0000009088800000)]
  0x0000022f950da800 JavaThread "Unconstrained build operations Thread 16" [_thread_blocked, id=104180, stack(0x0000009088800000,0x0000009088900000)]
  0x0000022f950da000 JavaThread "Unconstrained build operations Thread 17" [_thread_blocked, id=105944, stack(0x0000009088900000,0x0000009088a00000)]
  0x0000022f950d7800 JavaThread "Unconstrained build operations Thread 18" [_thread_blocked, id=81972, stack(0x0000009088a00000,0x0000009088b00000)]
  0x0000022f950d8800 JavaThread "Unconstrained build operations Thread 19" [_thread_blocked, id=55896, stack(0x0000009088b00000,0x0000009088c00000)]
  0x0000022f950d9000 JavaThread "Unconstrained build operations Thread 20" [_thread_blocked, id=104228, stack(0x0000009088c00000,0x0000009088d00000)]
  0x0000022f90fb1800 JavaThread "Unconstrained build operations Thread 21" [_thread_blocked, id=88980, stack(0x0000009088d00000,0x0000009088e00000)]
  0x0000022f90fb2000 JavaThread "Unconstrained build operations Thread 22" [_thread_blocked, id=102788, stack(0x0000009088e00000,0x0000009088f00000)]
  0x0000022f90fac800 JavaThread "Unconstrained build operations Thread 23" [_thread_blocked, id=105240, stack(0x0000009088f00000,0x0000009089000000)]
  0x0000022f90fb3000 JavaThread "Unconstrained build operations Thread 24" [_thread_blocked, id=105836, stack(0x0000009089000000,0x0000009089100000)]
  0x0000022f90fad000 JavaThread "Unconstrained build operations Thread 25" [_thread_blocked, id=94708, stack(0x0000009089100000,0x0000009089200000)]
  0x0000022f90fb4000 JavaThread "Unconstrained build operations Thread 26" [_thread_blocked, id=101384, stack(0x0000009089200000,0x0000009089300000)]
  0x0000022f90fae000 JavaThread "Unconstrained build operations Thread 27" [_thread_blocked, id=89188, stack(0x0000009089300000,0x0000009089400000)]
  0x0000022f90fb8800 JavaThread "Unconstrained build operations Thread 28" [_thread_blocked, id=102980, stack(0x0000009089400000,0x0000009089500000)]
  0x0000022f90fba800 JavaThread "Unconstrained build operations Thread 29" [_thread_blocked, id=102608, stack(0x0000009089500000,0x0000009089600000)]
  0x0000022f90fbb000 JavaThread "Unconstrained build operations Thread 30" [_thread_blocked, id=86312, stack(0x0000009089600000,0x0000009089700000)]
  0x0000022f90fb5800 JavaThread "Unconstrained build operations Thread 31" [_thread_blocked, id=59064, stack(0x0000009089700000,0x0000009089800000)]
  0x0000022f90fb6000 JavaThread "Unconstrained build operations Thread 32" [_thread_blocked, id=82936, stack(0x0000009089800000,0x0000009089900000)]
  0x0000022f90fb7000 JavaThread "Unconstrained build operations Thread 33" [_thread_blocked, id=95136, stack(0x0000009089900000,0x0000009089a00000)]
  0x0000022f90fb8000 JavaThread "Unconstrained build operations Thread 34" [_thread_blocked, id=73296, stack(0x0000009089a00000,0x0000009089b00000)]
  0x0000022f90fb9800 JavaThread "Unconstrained build operations Thread 35" [_thread_blocked, id=105412, stack(0x0000009089b00000,0x0000009089c00000)]
  0x0000022f90f80800 JavaThread "Unconstrained build operations Thread 36" [_thread_blocked, id=100444, stack(0x0000009089c00000,0x0000009089d00000)]
  0x0000022f90f81800 JavaThread "Unconstrained build operations Thread 37" [_thread_blocked, id=102616, stack(0x0000009089d00000,0x0000009089e00000)]
  0x0000022f90f82000 JavaThread "Unconstrained build operations Thread 38" [_thread_blocked, id=99452, stack(0x0000009089e00000,0x0000009089f00000)]
  0x0000022f90f7c800 JavaThread "Unconstrained build operations Thread 39" [_thread_blocked, id=105936, stack(0x0000009089f00000,0x000000908a000000)]
  0x0000022f90f83000 JavaThread "Unconstrained build operations Thread 40" [_thread_blocked, id=88184, stack(0x000000908a000000,0x000000908a100000)]
  0x0000022f90f7e000 JavaThread "Unconstrained build operations Thread 41" [_thread_blocked, id=102588, stack(0x000000908a100000,0x000000908a200000)]
  0x0000022f90f7d000 JavaThread "Unconstrained build operations Thread 42" [_thread_blocked, id=88060, stack(0x000000908a200000,0x000000908a300000)]
  0x0000022f90f84000 JavaThread "Unconstrained build operations Thread 43" [_thread_blocked, id=103228, stack(0x000000908a300000,0x000000908a400000)]
  0x0000022f90f7f000 JavaThread "Unconstrained build operations Thread 44" [_thread_blocked, id=104004, stack(0x000000908a400000,0x000000908a500000)]
  0x0000022f90f7f800 JavaThread "Unconstrained build operations Thread 45" [_thread_blocked, id=105512, stack(0x000000908a500000,0x000000908a600000)]
  0x0000022f90f86000 JavaThread "Unconstrained build operations Thread 46" [_thread_blocked, id=102492, stack(0x000000908a600000,0x000000908a700000)]
  0x0000022f90f89800 JavaThread "Unconstrained build operations Thread 47" [_thread_blocked, id=100964, stack(0x000000908a700000,0x000000908a800000)]
  0x0000022f90f88000 JavaThread "Unconstrained build operations Thread 48" [_thread_blocked, id=80464, stack(0x000000908a800000,0x000000908a900000)]
  0x0000022f90f88800 JavaThread "Unconstrained build operations Thread 49" [_thread_blocked, id=103060, stack(0x000000908a900000,0x000000908aa00000)]
  0x0000022f90f8a800 JavaThread "Unconstrained build operations Thread 50" [_thread_blocked, id=106472, stack(0x000000908aa00000,0x000000908ab00000)]
  0x0000022f90e8e800 JavaThread "Unconstrained build operations Thread 51" [_thread_blocked, id=47864, stack(0x000000908ab00000,0x000000908ac00000)]
  0x0000022f90e8f800 JavaThread "Unconstrained build operations Thread 52" [_thread_blocked, id=105036, stack(0x000000908ac00000,0x000000908ad00000)]
  0x0000022f90e90800 JavaThread "Unconstrained build operations Thread 53" [_thread_blocked, id=96392, stack(0x000000908ad00000,0x000000908ae00000)]
  0x0000022f90e8a800 JavaThread "Unconstrained build operations Thread 54" [_thread_blocked, id=82636, stack(0x000000908ae00000,0x000000908af00000)]
  0x0000022f90e92000 JavaThread "Unconstrained build operations Thread 55" [_thread_blocked, id=104784, stack(0x000000908af00000,0x000000908b000000)]
  0x0000022f90e96000 JavaThread "Unconstrained build operations Thread 56" [_thread_blocked, id=87892, stack(0x000000908b000000,0x000000908b100000)]
  0x0000022f90e93800 JavaThread "Unconstrained build operations Thread 57" [_thread_blocked, id=60108, stack(0x000000908b100000,0x000000908b200000)]
  0x0000022f90e91000 JavaThread "Unconstrained build operations Thread 58" [_thread_blocked, id=35120, stack(0x000000908b200000,0x000000908b300000)]
  0x0000022f90e94800 JavaThread "Unconstrained build operations Thread 59" [_thread_blocked, id=86504, stack(0x000000908b300000,0x000000908b400000)]
  0x0000022f90e95000 JavaThread "Unconstrained build operations Thread 60" [_thread_blocked, id=106368, stack(0x000000908b400000,0x000000908b500000)]
  0x0000022f90e92800 JavaThread "Unconstrained build operations Thread 61" [_thread_blocked, id=75040, stack(0x000000908b500000,0x000000908b600000)]
  0x0000022f8f28c000 JavaThread "Unconstrained build operations Thread 62" [_thread_blocked, id=96032, stack(0x000000908b600000,0x000000908b700000)]
  0x0000022f8f291800 JavaThread "Unconstrained build operations Thread 63" [_thread_blocked, id=104608, stack(0x000000908b700000,0x000000908b800000)]
  0x0000022f8f28e800 JavaThread "Unconstrained build operations Thread 64" [_thread_blocked, id=78260, stack(0x000000908b800000,0x000000908b900000)]
  0x0000022f8f28f800 JavaThread "Unconstrained build operations Thread 65" [_thread_blocked, id=57876, stack(0x000000908b900000,0x000000908ba00000)]
  0x0000022f938c5000 JavaThread "Unconstrained build operations Thread 66" [_thread_blocked, id=89668, stack(0x000000908ba00000,0x000000908bb00000)]
  0x0000022f938c7800 JavaThread "Unconstrained build operations Thread 67" [_thread_blocked, id=50912, stack(0x000000908bb00000,0x000000908bc00000)]
  0x0000022f938c8800 JavaThread "Unconstrained build operations Thread 68" [_thread_blocked, id=100056, stack(0x000000908bc00000,0x000000908bd00000)]
  0x0000022f938c2800 JavaThread "Unconstrained build operations Thread 69" [_thread_blocked, id=97224, stack(0x000000908bd00000,0x000000908be00000)]
  0x0000022f938c3800 JavaThread "Unconstrained build operations Thread 70" [_thread_blocked, id=103048, stack(0x000000908be00000,0x000000908bf00000)]
  0x0000022f938c6000 JavaThread "Unconstrained build operations Thread 71" [_thread_blocked, id=105072, stack(0x000000908bf00000,0x000000908c000000)]
  0x0000022f938c4800 JavaThread "Unconstrained build operations Thread 72" [_thread_blocked, id=73028, stack(0x000000908c000000,0x000000908c100000)]
  0x0000022f938c9000 JavaThread "Unconstrained build operations Thread 73" [_thread_blocked, id=104572, stack(0x000000908c100000,0x000000908c200000)]
  0x0000022f938c6800 JavaThread "Unconstrained build operations Thread 74" [_thread_blocked, id=101644, stack(0x000000908c200000,0x000000908c300000)]
  0x0000022f938ce000 JavaThread "Unconstrained build operations Thread 75" [_thread_blocked, id=104188, stack(0x000000908c300000,0x000000908c400000)]
  0x0000022f938ca000 JavaThread "Unconstrained build operations Thread 76" [_thread_blocked, id=100132, stack(0x000000908c400000,0x000000908c500000)]
  0x0000022f938cd800 JavaThread "Unconstrained build operations Thread 77" [_thread_blocked, id=102256, stack(0x000000908c500000,0x000000908c600000)]
  0x0000022f938cf000 JavaThread "Unconstrained build operations Thread 78" [_thread_blocked, id=106224, stack(0x000000908c600000,0x000000908c700000)]
  0x0000022f938d0800 JavaThread "Unconstrained build operations Thread 79" [_thread_blocked, id=102452, stack(0x000000908c700000,0x000000908c800000)]
  0x0000022f938cc800 JavaThread "Unconstrained build operations Thread 80" [_thread_blocked, id=101900, stack(0x000000908c800000,0x000000908c900000)]
  0x0000022f938cf800 JavaThread "build event listener" [_thread_blocked, id=104144, stack(0x000000908c900000,0x000000908ca00000)]
  0x0000022f938cb000 JavaThread "Execution worker for ':'" [_thread_blocked, id=92688, stack(0x000000908d000000,0x000000908d100000)]
  0x0000022f938d1800 JavaThread "Execution worker for ':' Thread 2" [_thread_blocked, id=105016, stack(0x000000908d100000,0x000000908d200000)]
  0x0000022f938cb800 JavaThread "Execution worker for ':' Thread 3" [_thread_blocked, id=104836, stack(0x000000908d200000,0x000000908d300000)]
  0x0000022f99b3f800 JavaThread "Execution worker for ':' Thread 4" [_thread_blocked, id=104972, stack(0x000000908d300000,0x000000908d400000)]
  0x0000022f99b40000 JavaThread "Execution worker for ':' Thread 5" [_thread_blocked, id=102636, stack(0x000000908d400000,0x000000908d500000)]
  0x0000022f99b44800 JavaThread "Execution worker for ':' Thread 6" [_thread_blocked, id=103740, stack(0x000000908d500000,0x000000908d600000)]
  0x0000022f99b46000 JavaThread "Execution worker for ':' Thread 7" [_thread_blocked, id=105224, stack(0x000000908d600000,0x000000908d700000)]
  0x0000022f99b42000 JavaThread "Cache worker for execution history cache (D:\COOLYEAH\SMT 5\Praktikum PPB\TUGAS AKHIR\.gradle\7.3.3\executionHistory)" [_thread_blocked, id=106344, stack(0x000000908d700000,0x000000908d800000)]

Other Threads:
  0x0000022ffd3b6000 VMThread "VM Thread" [stack: 0x0000009084d00000,0x0000009084e00000] [id=102796]
  0x0000022ffdeb2000 WatcherThread [stack: 0x0000009085700000,0x0000009085800000] [id=102024]
  0x0000022ff1f66800 GCTaskThread "GC Thread#0" [stack: 0x0000009084800000,0x0000009084900000] [id=84716]
  0x0000022ffe29a000 GCTaskThread "GC Thread#1" [stack: 0x0000009085800000,0x0000009085900000] [id=102760]
  0x0000022f8f2a7000 GCTaskThread "GC Thread#2" [stack: 0x0000009086300000,0x0000009086400000] [id=84132]
  0x0000022f8f2a4800 GCTaskThread "GC Thread#3" [stack: 0x0000009086400000,0x0000009086500000] [id=83212]
  0x0000022fff402800 GCTaskThread "GC Thread#4" [stack: 0x0000009086500000,0x0000009086600000] [id=46196]
  0x0000022f8f126800 GCTaskThread "GC Thread#5" [stack: 0x0000009086600000,0x0000009086700000] [id=99196]
  0x0000022ffee0d800 GCTaskThread "GC Thread#6" [stack: 0x0000009086700000,0x0000009086800000] [id=91076]
  0x0000022f8f179800 GCTaskThread "GC Thread#7" [stack: 0x0000009086800000,0x0000009086900000] [id=93980]
  0x0000022ff1f9b800 ConcurrentGCThread "G1 Main Marker" [stack: 0x0000009084900000,0x0000009084a00000] [id=89216]
  0x0000022ff1f9c800 ConcurrentGCThread "G1 Conc#0" [stack: 0x0000009084a00000,0x0000009084b00000] [id=96864]
  0x0000022f8f57b800 ConcurrentGCThread "G1 Conc#1" [stack: 0x0000009086c00000,0x0000009086d00000] [id=99144]
  0x0000022ff2021000 ConcurrentGCThread "G1 Refine#0" [stack: 0x0000009084b00000,0x0000009084c00000] [id=101980]
  0x0000022f95a07800 ConcurrentGCThread "G1 Refine#1" [stack: 0x0000009086000000,0x0000009086100000] [id=98112]
  0x0000022f95adf800 ConcurrentGCThread "G1 Refine#2" [stack: 0x0000009086100000,0x0000009086200000] [id=47728]
  0x0000022ff2024000 ConcurrentGCThread "G1 Young RemSet Sampling" [stack: 0x0000009084c00000,0x0000009084d00000] [id=85052]

Threads with active compile tasks:
C2 CompilerThread04201096 25685  s    4       org.gradle.internal.component.external.model.AbstractLazyModuleComponentResolveMetadata::getVariantsForGraphTraversal (20 bytes)

VM state:at safepoint (normal execution)

VM Mutex/Monitor currently owned by a thread:  ([mutex/lock_event])
[0x0000022ff1f50210] Threads_lock - owner thread: 0x0000022ffd3b6000
[0x0000022ff1f500f0] Heap_lock - owner thread: 0x0000022f938d1800

Heap address: 0x0000000080000000, size: 2048 MB, Compressed Oops mode: 32-bit
Narrow klass base: 0x0000000000000000, Narrow klass shift: 3
Compressed class space size: 1073741824 Address: 0x0000000100000000

Heap:
 garbage-first heap   total 250880K, used 112476K [0x0000000080000000, 0x0000000100000000)
  region size 1024K, 23 young (23552K), 3 survivors (3072K)
 Metaspace       used 128018K, capacity 131912K, committed 132524K, reserved 1163264K
  class space    used 15874K, capacity 17353K, committed 17920K, reserved 1048576K
Heap Regions: E=young(eden), S=young(survivor), O=old, HS=humongous(starts), HC=humongous(continues), CS=collection set, F=free, A=archive, TAMS=top-at-mark-start (previous, next)
|   0|0x0000000080000000, 0x0000000080100000, 0x0000000080100000|100%| O|  |TAMS 0x0000000080100000, 0x0000000080100000| Untracked 
|   1|0x0000000080100000, 0x0000000080200000, 0x0000000080200000|100%| O|  |TAMS 0x0000000080200000, 0x0000000080200000| Untracked 
|   2|0x0000000080200000, 0x0000000080300000, 0x0000000080300000|100%| O|  |TAMS 0x0000000080300000, 0x0000000080300000| Untracked 
|   3|0x0000000080300000, 0x0000000080400000, 0x0000000080400000|100%|HS|  |TAMS 0x0000000080400000, 0x0000000080400000| Complete 
|   4|0x0000000080400000, 0x0000000080500000, 0x0000000080500000|100%|HC|  |TAMS 0x0000000080500000, 0x0000000080500000| Complete 
|   5|0x0000000080500000, 0x0000000080600000, 0x0000000080600000|100%|HC|  |TAMS 0x0000000080600000, 0x0000000080600000| Complete 
|   6|0x0000000080600000, 0x0000000080700000, 0x0000000080700000|100%| O|  |TAMS 0x0000000080700000, 0x0000000080700000| Untracked 
|   7|0x0000000080700000, 0x0000000080800000, 0x0000000080800000|100%| O|  |TAMS 0x0000000080800000, 0x0000000080800000| Untracked 
|   8|0x0000000080800000, 0x0000000080900000, 0x0000000080900000|100%| O|  |TAMS 0x0000000080900000, 0x0000000080900000| Untracked 
|   9|0x0000000080900000, 0x0000000080a00000, 0x0000000080a00000|100%| O|  |TAMS 0x0000000080a00000, 0x0000000080a00000| Untracked 
|  10|0x0000000080a00000, 0x0000000080b00000, 0x0000000080b00000|100%| O|  |TAMS 0x0000000080b00000, 0x0000000080b00000| Untracked 
|  11|0x0000000080b00000, 0x0000000080c00000, 0x0000000080c00000|100%| O|  |TAMS 0x0000000080c00000, 0x0000000080c00000| Untracked 
|  12|0x0000000080c00000, 0x0000000080d00000, 0x0000000080d00000|100%| O|  |TAMS 0x0000000080d00000, 0x0000000080d00000| Untracked 
|  13|0x0000000080d00000, 0x0000000080e00000, 0x0000000080e00000|100%| O|  |TAMS 0x0000000080e00000, 0x0000000080e00000| Untracked 
|  14|0x0000000080e00000, 0x0000000080f00000, 0x0000000080f00000|100%| O|  |TAMS 0x0000000080f00000, 0x0000000080f00000| Untracked 
|  15|0x0000000080f00000, 0x0000000081000000, 0x0000000081000000|100%| O|  |TAMS 0x0000000081000000, 0x0000000081000000| Untracked 
|  16|0x0000000081000000, 0x0000000081100000, 0x0000000081100000|100%| O|  |TAMS 0x0000000081100000, 0x0000000081100000| Untracked 
|  17|0x0000000081100000, 0x0000000081200000, 0x0000000081200000|100%| O|  |TAMS 0x0000000081200000, 0x0000000081200000| Untracked 
|  18|0x0000000081200000, 0x0000000081300000, 0x0000000081300000|100%| O|  |TAMS 0x0000000081300000, 0x0000000081300000| Untracked 
|  19|0x0000000081300000, 0x0000000081400000, 0x0000000081400000|100%| O|  |TAMS 0x0000000081400000, 0x0000000081400000| Untracked 
|  20|0x0000000081400000, 0x0000000081500000, 0x0000000081500000|100%| O|  |TAMS 0x0000000081500000, 0x0000000081500000| Untracked 
|  21|0x0000000081500000, 0x0000000081600000, 0x0000000081600000|100%| O|  |TAMS 0x0000000081600000, 0x0000000081600000| Untracked 
|  22|0x0000000081600000, 0x0000000081700000, 0x0000000081700000|100%| O|  |TAMS 0x0000000081700000, 0x0000000081700000| Untracked 
|  23|0x0000000081700000, 0x0000000081800000, 0x0000000081800000|100%| O|  |TAMS 0x0000000081800000, 0x0000000081800000| Untracked 
|  24|0x0000000081800000, 0x0000000081900000, 0x0000000081900000|100%| O|  |TAMS 0x0000000081900000, 0x0000000081900000| Untracked 
|  25|0x0000000081900000, 0x0000000081a00000, 0x0000000081a00000|100%| O|  |TAMS 0x0000000081a00000, 0x0000000081a00000| Untracked 
|  26|0x0000000081a00000, 0x0000000081b00000, 0x0000000081b00000|100%| O|  |TAMS 0x0000000081b00000, 0x0000000081b00000| Untracked 
|  27|0x0000000081b00000, 0x0000000081c00000, 0x0000000081c00000|100%| O|  |TAMS 0x0000000081c00000, 0x0000000081c00000| Untracked 
|  28|0x0000000081c00000, 0x0000000081c00000, 0x0000000081d00000|  0%| F|  |TAMS 0x0000000081c00000, 0x0000000081c00000| Untracked 
|  29|0x0000000081d00000, 0x0000000081e00000, 0x0000000081e00000|100%|HS|  |TAMS 0x0000000081e00000, 0x0000000081e00000| Complete 
|  30|0x0000000081e00000, 0x0000000081f00000, 0x0000000081f00000|100%|HS|  |TAMS 0x0000000081f00000, 0x0000000081f00000| Complete 
|  31|0x0000000081f00000, 0x0000000082000000, 0x0000000082000000|100%|HS|  |TAMS 0x0000000082000000, 0x0000000082000000| Complete 
|  32|0x0000000082000000, 0x0000000082100000, 0x0000000082100000|100%|HC|  |TAMS 0x0000000082100000, 0x0000000082100000| Complete 
|  33|0x0000000082100000, 0x0000000082200000, 0x0000000082200000|100%| O|  |TAMS 0x0000000082200000, 0x0000000082200000| Untracked 
|  34|0x0000000082200000, 0x0000000082200000, 0x0000000082300000|  0%| F|  |TAMS 0x0000000082200000, 0x0000000082200000| Untracked 
|  35|0x0000000082300000, 0x0000000082400000, 0x0000000082400000|100%| O|  |TAMS 0x0000000082400000, 0x0000000082400000| Untracked 
|  36|0x0000000082400000, 0x0000000082500000, 0x0000000082500000|100%| O|  |TAMS 0x0000000082500000, 0x0000000082500000| Untracked 
|  37|0x0000000082500000, 0x0000000082600000, 0x0000000082600000|100%| O|  |TAMS 0x0000000082600000, 0x0000000082600000| Untracked 
|  38|0x0000000082600000, 0x0000000082700000, 0x0000000082700000|100%| O|  |TAMS 0x0000000082700000, 0x0000000082700000| Untracked 
|  39|0x0000000082700000, 0x0000000082800000, 0x0000000082800000|100%| O|  |TAMS 0x0000000082800000, 0x0000000082800000| Untracked 
|  40|0x0000000082800000, 0x0000000082900000, 0x0000000082900000|100%| O|  |TAMS 0x0000000082900000, 0x0000000082900000| Untracked 
|  41|0x0000000082900000, 0x0000000082a00000, 0x0000000082a00000|100%| O|  |TAMS 0x0000000082a00000, 0x0000000082a00000| Untracked 
|  42|0x0000000082a00000, 0x0000000082b00000, 0x0000000082b00000|100%| O|  |TAMS 0x0000000082b00000, 0x0000000082b00000| Untracked 
|  43|0x0000000082b00000, 0x0000000082c00000, 0x0000000082c00000|100%| O|  |TAMS 0x0000000082c00000, 0x0000000082c00000| Untracked 
|  44|0x0000000082c00000, 0x0000000082c00000, 0x0000000082d00000|  0%| F|  |TAMS 0x0000000082c00000, 0x0000000082c00000| Untracked 
|  45|0x0000000082d00000, 0x0000000082e00000, 0x0000000082e00000|100%| O|  |TAMS 0x0000000082e00000, 0x0000000082e00000| Untracked 
|  46|0x0000000082e00000, 0x0000000082f00000, 0x0000000082f00000|100%| O|  |TAMS 0x0000000082f00000, 0x0000000082f00000| Untracked 
|  47|0x0000000082f00000, 0x0000000083000000, 0x0000000083000000|100%| O|  |TAMS 0x0000000083000000, 0x0000000083000000| Untracked 
|  48|0x0000000083000000, 0x0000000083100000, 0x0000000083100000|100%| O|  |TAMS 0x0000000083100000, 0x0000000083100000| Untracked 
|  49|0x0000000083100000, 0x0000000083200000, 0x0000000083200000|100%| O|  |TAMS 0x0000000083200000, 0x0000000083200000| Untracked 
|  50|0x0000000083200000, 0x0000000083300000, 0x0000000083300000|100%| O|  |TAMS 0x0000000083300000, 0x0000000083300000| Untracked 
|  51|0x0000000083300000, 0x0000000083400000, 0x0000000083400000|100%| O|  |TAMS 0x0000000083400000, 0x0000000083400000| Untracked 
|  52|0x0000000083400000, 0x0000000083500000, 0x0000000083500000|100%| O|  |TAMS 0x0000000083500000, 0x0000000083500000| Untracked 
|  53|0x0000000083500000, 0x0000000083600000, 0x0000000083600000|100%| O|  |TAMS 0x0000000083600000, 0x0000000083600000| Untracked 
|  54|0x0000000083600000, 0x0000000083700000, 0x0000000083700000|100%| O|  |TAMS 0x0000000083700000, 0x0000000083700000| Untracked 
|  55|0x0000000083700000, 0x0000000083800000, 0x0000000083800000|100%| O|  |TAMS 0x0000000083800000, 0x0000000083800000| Untracked 
|  56|0x0000000083800000, 0x0000000083900000, 0x0000000083900000|100%| O|  |TAMS 0x0000000083900000, 0x0000000083900000| Untracked 
|  57|0x0000000083900000, 0x0000000083a00000, 0x0000000083a00000|100%| O|  |TAMS 0x0000000083a00000, 0x0000000083a00000| Untracked 
|  58|0x0000000083a00000, 0x0000000083b00000, 0x0000000083b00000|100%| O|  |TAMS 0x0000000083b00000, 0x0000000083b00000| Untracked 
|  59|0x0000000083b00000, 0x0000000083b00000, 0x0000000083c00000|  0%| F|  |TAMS 0x0000000083b00000, 0x0000000083b00000| Untracked 
|  60|0x0000000083c00000, 0x0000000083d00000, 0x0000000083d00000|100%| O|  |TAMS 0x0000000083c00000, 0x0000000083d00000| Untracked 
|  61|0x0000000083d00000, 0x0000000083e00000, 0x0000000083e00000|100%| O|  |TAMS 0x0000000083d00000, 0x0000000083e00000| Untracked 
|  62|0x0000000083e00000, 0x0000000083f00000, 0x0000000083f00000|100%| O|  |TAMS 0x0000000083f00000, 0x0000000083f00000| Untracked 
|  63|0x0000000083f00000, 0x0000000083f00000, 0x0000000084000000|  0%| F|  |TAMS 0x0000000083f00000, 0x0000000083f00000| Untracked 
|  64|0x0000000084000000, 0x0000000084100000, 0x0000000084100000|100%| O|  |TAMS 0x0000000084100000, 0x0000000084100000| Untracked 
|  65|0x0000000084100000, 0x0000000084200000, 0x0000000084200000|100%| O|  |TAMS 0x0000000084200000, 0x0000000084200000| Untracked 
|  66|0x0000000084200000, 0x0000000084200000, 0x0000000084300000|  0%| F|  |TAMS 0x0000000084200000, 0x0000000084200000| Untracked 
|  67|0x0000000084300000, 0x0000000084300000, 0x0000000084400000|  0%| F|  |TAMS 0x0000000084300000, 0x0000000084300000| Untracked 
|  68|0x0000000084400000, 0x0000000084400000, 0x0000000084500000|  0%| F|  |TAMS 0x0000000084400000, 0x0000000084400000| Untracked 
|  69|0x0000000084500000, 0x0000000084500000, 0x0000000084600000|  0%| F|  |TAMS 0x0000000084500000, 0x0000000084500000| Untracked 
|  70|0x0000000084600000, 0x0000000084700000, 0x0000000084700000|100%| O|  |TAMS 0x0000000084700000, 0x0000000084700000| Untracked 
|  71|0x0000000084700000, 0x0000000084800000, 0x0000000084800000|100%| O|  |TAMS 0x0000000084800000, 0x0000000084800000| Untracked 
|  72|0x0000000084800000, 0x0000000084900000, 0x0000000084900000|100%| O|  |TAMS 0x0000000084900000, 0x0000000084900000| Untracked 
|  73|0x0000000084900000, 0x0000000084900000, 0x0000000084a00000|  0%| F|  |TAMS 0x0000000084900000, 0x0000000084900000| Untracked 
|  74|0x0000000084a00000, 0x0000000084b00000, 0x0000000084b00000|100%| O|  |TAMS 0x0000000084b00000, 0x0000000084b00000| Untracked 
|  75|0x0000000084b00000, 0x0000000084c00000, 0x0000000084c00000|100%| O|  |TAMS 0x0000000084b57800, 0x0000000084c00000| Untracked 
|  76|0x0000000084c00000, 0x0000000084d00000, 0x0000000084d00000|100%| O|  |TAMS 0x0000000084c00000, 0x0000000084d00000| Untracked 
|  77|0x0000000084d00000, 0x0000000084d00000, 0x0000000084e00000|  0%| F|  |TAMS 0x0000000084d00000, 0x0000000084d00000| Untracked 
|  78|0x0000000084e00000, 0x0000000084f00000, 0x0000000084f00000|100%| O|  |TAMS 0x0000000084e00000, 0x0000000084f00000| Untracked 
|  79|0x0000000084f00000, 0x0000000085000000, 0x0000000085000000|100%| O|  |TAMS 0x0000000084f00000, 0x0000000085000000| Untracked 
|  80|0x0000000085000000, 0x0000000085100000, 0x0000000085100000|100%| O|  |TAMS 0x0000000085000000, 0x0000000085100000| Untracked 
|  81|0x0000000085100000, 0x0000000085100000, 0x0000000085200000|  0%| F|  |TAMS 0x0000000085100000, 0x0000000085100000| Untracked 
|  82|0x0000000085200000, 0x0000000085200000, 0x0000000085300000|  0%| F|  |TAMS 0x0000000085200000, 0x0000000085200000| Untracked 
|  83|0x0000000085300000, 0x0000000085400000, 0x0000000085400000|100%| O|  |TAMS 0x0000000085400000, 0x0000000085400000| Untracked 
|  84|0x0000000085400000, 0x0000000085500000, 0x0000000085500000|100%| O|  |TAMS 0x0000000085500000, 0x0000000085500000| Untracked 
|  85|0x0000000085500000, 0x0000000085600000, 0x0000000085600000|100%| O|  |TAMS 0x0000000085600000, 0x0000000085600000| Untracked 
|  86|0x0000000085600000, 0x0000000085600000, 0x0000000085700000|  0%| F|  |TAMS 0x0000000085600000, 0x0000000085600000| Untracked 
|  87|0x0000000085700000, 0x0000000085800000, 0x0000000085800000|100%| O|  |TAMS 0x0000000085800000, 0x0000000085800000| Untracked 
|  88|0x0000000085800000, 0x0000000085900000, 0x0000000085900000|100%| O|  |TAMS 0x0000000085900000, 0x0000000085900000| Untracked 
|  89|0x0000000085900000, 0x0000000085900000, 0x0000000085a00000|  0%| F|  |TAMS 0x0000000085900000, 0x0000000085900000| Untracked 
|  90|0x0000000085a00000, 0x0000000085a00000, 0x0000000085b00000|  0%| F|  |TAMS 0x0000000085a00000, 0x0000000085a00000| Untracked 
|  91|0x0000000085b00000, 0x0000000085c00000, 0x0000000085c00000|100%| O|  |TAMS 0x0000000085b00000, 0x0000000085c00000| Untracked 
|  92|0x0000000085c00000, 0x0000000085c00000, 0x0000000085d00000|  0%| F|  |TAMS 0x0000000085c00000, 0x0000000085c00000| Untracked 
|  93|0x0000000085d00000, 0x0000000085d00000, 0x0000000085e00000|  0%| F|  |TAMS 0x0000000085d00000, 0x0000000085d00000| Untracked 
|  94|0x0000000085e00000, 0x0000000085e00000, 0x0000000085f00000|  0%| F|  |TAMS 0x0000000085e00000, 0x0000000085e00000| Untracked 
|  95|0x0000000085f00000, 0x0000000086000000, 0x0000000086000000|100%| O|  |TAMS 0x0000000085f00000, 0x0000000086000000| Untracked 
|  96|0x0000000086000000, 0x0000000086100000, 0x0000000086100000|100%| O|  |TAMS 0x0000000086000000, 0x0000000086100000| Untracked 
|  97|0x0000000086100000, 0x0000000086200000, 0x0000000086200000|100%| O|  |TAMS 0x0000000086100000, 0x0000000086200000| Untracked 
|  98|0x0000000086200000, 0x0000000086300000, 0x0000000086300000|100%| O|  |TAMS 0x0000000086300000, 0x0000000086300000| Untracked 
|  99|0x0000000086300000, 0x0000000086400000, 0x0000000086400000|100%| O|  |TAMS 0x0000000086300000, 0x0000000086400000| Untracked 
| 100|0x0000000086400000, 0x0000000086400000, 0x0000000086500000|  0%| F|  |TAMS 0x0000000086400000, 0x0000000086400000| Untracked 
| 101|0x0000000086500000, 0x0000000086600000, 0x0000000086600000|100%| O|  |TAMS 0x0000000086500000, 0x0000000086600000| Untracked 
| 102|0x0000000086600000, 0x0000000086700000, 0x0000000086700000|100%| O|  |TAMS 0x0000000086600000, 0x0000000086700000| Untracked 
| 103|0x0000000086700000, 0x0000000086800000, 0x0000000086800000|100%| O|  |TAMS 0x0000000086700000, 0x0000000086800000| Untracked 
| 104|0x0000000086800000, 0x00000000868b8800, 0x0000000086900000| 72%| O|  |TAMS 0x0000000086800000, 0x0000000086900000| Untracked 
| 105|0x0000000086900000, 0x0000000086900000, 0x0000000086a00000|  0%| F|  |TAMS 0x0000000086900000, 0x0000000086900000| Untracked 
| 106|0x0000000086a00000, 0x0000000086a00000, 0x0000000086b00000|  0%| F|  |TAMS 0x0000000086a00000, 0x0000000086a00000| Untracked 
| 107|0x0000000086b00000, 0x0000000086b00000, 0x0000000086c00000|  0%| F|  |TAMS 0x0000000086b00000, 0x0000000086b00000| Untracked 
| 108|0x0000000086c00000, 0x0000000086d00000, 0x0000000086d00000|100%| O|  |TAMS 0x0000000086d00000, 0x0000000086d00000| Untracked 
| 109|0x0000000086d00000, 0x0000000086e00000, 0x0000000086e00000|100%| O|  |TAMS 0x0000000086e00000, 0x0000000086e00000| Untracked 
| 110|0x0000000086e00000, 0x0000000086f00000, 0x0000000086f00000|100%| O|  |TAMS 0x0000000086f00000, 0x0000000086f00000| Untracked 
| 111|0x0000000086f00000, 0x0000000086f00000, 0x0000000087000000|  0%| F|  |TAMS 0x0000000086f00000, 0x0000000086f00000| Untracked 
| 112|0x0000000087000000, 0x0000000087000000, 0x0000000087100000|  0%| F|  |TAMS 0x0000000087000000, 0x0000000087000000| Untracked 
| 113|0x0000000087100000, 0x0000000087100000, 0x0000000087200000|  0%| F|  |TAMS 0x0000000087100000, 0x0000000087100000| Untracked 
| 114|0x0000000087200000, 0x0000000087200000, 0x0000000087300000|  0%| F|  |TAMS 0x0000000087200000, 0x0000000087200000| Untracked 
| 115|0x0000000087300000, 0x0000000087300000, 0x0000000087400000|  0%| F|  |TAMS 0x0000000087300000, 0x0000000087300000| Untracked 
| 116|0x0000000087400000, 0x0000000087400000, 0x0000000087500000|  0%| F|  |TAMS 0x0000000087400000, 0x0000000087400000| Untracked 
| 117|0x0000000087500000, 0x0000000087500000, 0x0000000087600000|  0%| F|  |TAMS 0x0000000087500000, 0x0000000087500000| Untracked 
| 118|0x0000000087600000, 0x0000000087600000, 0x0000000087700000|  0%| F|  |TAMS 0x0000000087600000, 0x0000000087600000| Untracked 
| 119|0x0000000087700000, 0x0000000087700000, 0x0000000087800000|  0%| F|  |TAMS 0x0000000087700000, 0x0000000087700000| Untracked 
| 120|0x0000000087800000, 0x0000000087800000, 0x0000000087900000|  0%| F|  |TAMS 0x0000000087800000, 0x0000000087800000| Untracked 
| 121|0x0000000087900000, 0x0000000087900000, 0x0000000087a00000|  0%| F|  |TAMS 0x0000000087900000, 0x0000000087900000| Untracked 
| 122|0x0000000087a00000, 0x0000000087a00000, 0x0000000087b00000|  0%| F|  |TAMS 0x0000000087a00000, 0x0000000087a00000| Untracked 
| 123|0x0000000087b00000, 0x0000000087b00000, 0x0000000087c00000|  0%| F|  |TAMS 0x0000000087b00000, 0x0000000087b00000| Untracked 
| 124|0x0000000087c00000, 0x0000000087c00000, 0x0000000087d00000|  0%| F|  |TAMS 0x0000000087c00000, 0x0000000087c00000| Untracked 
| 125|0x0000000087d00000, 0x0000000087d00000, 0x0000000087e00000|  0%| F|  |TAMS 0x0000000087d00000, 0x0000000087d00000| Untracked 
| 126|0x0000000087e00000, 0x0000000087e00000, 0x0000000087f00000|  0%| F|  |TAMS 0x0000000087e00000, 0x0000000087e00000| Untracked 
| 127|0x0000000087f00000, 0x0000000087f00000, 0x0000000088000000|  0%| F|  |TAMS 0x0000000087f00000, 0x0000000087f00000| Untracked 
| 128|0x0000000088000000, 0x0000000088000000, 0x0000000088100000|  0%| F|  |TAMS 0x0000000088000000, 0x0000000088000000| Untracked 
| 129|0x0000000088100000, 0x0000000088100000, 0x0000000088200000|  0%| F|  |TAMS 0x0000000088100000, 0x0000000088100000| Untracked 
| 130|0x0000000088200000, 0x0000000088200000, 0x0000000088300000|  0%| F|  |TAMS 0x0000000088200000, 0x0000000088200000| Untracked 
| 131|0x0000000088300000, 0x0000000088300000, 0x0000000088400000|  0%| F|  |TAMS 0x0000000088300000, 0x0000000088300000| Untracked 
| 132|0x0000000088400000, 0x0000000088400000, 0x0000000088500000|  0%| F|  |TAMS 0x0000000088400000, 0x0000000088400000| Untracked 
| 133|0x0000000088500000, 0x0000000088500000, 0x0000000088600000|  0%| F|  |TAMS 0x0000000088500000, 0x0000000088500000| Untracked 
| 134|0x0000000088600000, 0x0000000088600000, 0x0000000088700000|  0%| F|  |TAMS 0x0000000088600000, 0x0000000088600000| Untracked 
| 135|0x0000000088700000, 0x0000000088700000, 0x0000000088800000|  0%| F|  |TAMS 0x0000000088700000, 0x0000000088700000| Untracked 
| 136|0x0000000088800000, 0x0000000088800000, 0x0000000088900000|  0%| F|  |TAMS 0x0000000088800000, 0x0000000088800000| Untracked 
| 137|0x0000000088900000, 0x0000000088994e60, 0x0000000088a00000| 58%| E|CS|TAMS 0x0000000088900000, 0x0000000088994e60| Complete 
| 138|0x0000000088a00000, 0x0000000088b00000, 0x0000000088b00000|100%| E|CS|TAMS 0x0000000088a00000, 0x0000000088b00000| Complete 
| 139|0x0000000088b00000, 0x0000000088c00000, 0x0000000088c00000|100%| E|CS|TAMS 0x0000000088b00000, 0x0000000088c00000| Complete 
| 140|0x0000000088c00000, 0x0000000088c00000, 0x0000000088d00000|  0%| F|  |TAMS 0x0000000088c00000, 0x0000000088c00000| Untracked 
| 141|0x0000000088d00000, 0x0000000088d00000, 0x0000000088e00000|  0%| F|  |TAMS 0x0000000088d00000, 0x0000000088d00000| Untracked 
| 142|0x0000000088e00000, 0x0000000088e00000, 0x0000000088f00000|  0%| F|  |TAMS 0x0000000088e00000, 0x0000000088e00000| Untracked 
| 143|0x0000000088f00000, 0x0000000088f00000, 0x0000000089000000|  0%| F|  |TAMS 0x0000000088f00000, 0x0000000088f00000| Untracked 
| 144|0x0000000089000000, 0x0000000089000000, 0x0000000089100000|  0%| F|  |TAMS 0x0000000089000000, 0x0000000089000000| Untracked 
| 145|0x0000000089100000, 0x0000000089100000, 0x0000000089200000|  0%| F|  |TAMS 0x0000000089100000, 0x0000000089100000| Untracked 
| 146|0x0000000089200000, 0x0000000089200000, 0x0000000089300000|  0%| F|  |TAMS 0x0000000089200000, 0x0000000089200000| Untracked 
| 147|0x0000000089300000, 0x0000000089300000, 0x0000000089400000|  0%| F|  |TAMS 0x0000000089300000, 0x0000000089300000| Untracked 
| 148|0x0000000089400000, 0x0000000089400000, 0x0000000089500000|  0%| F|  |TAMS 0x0000000089400000, 0x0000000089400000| Untracked 
| 149|0x0000000089500000, 0x0000000089500000, 0x0000000089600000|  0%| F|  |TAMS 0x0000000089500000, 0x0000000089500000| Untracked 
| 150|0x0000000089600000, 0x0000000089600000, 0x0000000089700000|  0%| F|  |TAMS 0x0000000089600000, 0x0000000089600000| Untracked 
| 151|0x0000000089700000, 0x0000000089700000, 0x0000000089800000|  0%| F|  |TAMS 0x0000000089700000, 0x0000000089700000| Untracked 
| 152|0x0000000089800000, 0x0000000089800000, 0x0000000089900000|  0%| F|  |TAMS 0x0000000089800000, 0x0000000089800000| Untracked 
| 153|0x0000000089900000, 0x0000000089900000, 0x0000000089a00000|  0%| F|  |TAMS 0x0000000089900000, 0x0000000089900000| Untracked 
| 154|0x0000000089a00000, 0x0000000089a00000, 0x0000000089b00000|  0%| F|  |TAMS 0x0000000089a00000, 0x0000000089a00000| Untracked 
| 155|0x0000000089b00000, 0x0000000089b00000, 0x0000000089c00000|  0%| F|  |TAMS 0x0000000089b00000, 0x0000000089b00000| Untracked 
| 156|0x0000000089c00000, 0x0000000089c00000, 0x0000000089d00000|  0%| F|  |TAMS 0x0000000089c00000, 0x0000000089c00000| Untracked 
| 157|0x0000000089d00000, 0x0000000089d00000, 0x0000000089e00000|  0%| F|  |TAMS 0x0000000089d00000, 0x0000000089d00000| Untracked 
| 158|0x0000000089e00000, 0x0000000089e00000, 0x0000000089f00000|  0%| F|  |TAMS 0x0000000089e00000, 0x0000000089e00000| Untracked 
| 159|0x0000000089f00000, 0x0000000089f00000, 0x000000008a000000|  0%| F|  |TAMS 0x0000000089f00000, 0x0000000089f00000| Untracked 
| 160|0x000000008a000000, 0x000000008a000000, 0x000000008a100000|  0%| F|  |TAMS 0x000000008a000000, 0x000000008a000000| Untracked 
| 161|0x000000008a100000, 0x000000008a100000, 0x000000008a200000|  0%| F|  |TAMS 0x000000008a100000, 0x000000008a100000| Untracked 
| 162|0x000000008a200000, 0x000000008a200000, 0x000000008a300000|  0%| F|  |TAMS 0x000000008a200000, 0x000000008a200000| Untracked 
| 163|0x000000008a300000, 0x000000008a300000, 0x000000008a400000|  0%| F|  |TAMS 0x000000008a300000, 0x000000008a300000| Untracked 
| 164|0x000000008a400000, 0x000000008a400000, 0x000000008a500000|  0%| F|  |TAMS 0x000000008a400000, 0x000000008a400000| Untracked 
| 165|0x000000008a500000, 0x000000008a500000, 0x000000008a600000|  0%| F|  |TAMS 0x000000008a500000, 0x000000008a500000| Untracked 
| 166|0x000000008a600000, 0x000000008a600000, 0x000000008a700000|  0%| F|  |TAMS 0x000000008a600000, 0x000000008a600000| Untracked 
| 167|0x000000008a700000, 0x000000008a700000, 0x000000008a800000|  0%| F|  |TAMS 0x000000008a700000, 0x000000008a700000| Untracked 
| 168|0x000000008a800000, 0x000000008a800000, 0x000000008a900000|  0%| F|  |TAMS 0x000000008a800000, 0x000000008a800000| Untracked 
| 169|0x000000008a900000, 0x000000008a900000, 0x000000008aa00000|  0%| F|  |TAMS 0x000000008a900000, 0x000000008a900000| Untracked 
| 170|0x000000008aa00000, 0x000000008aa00000, 0x000000008ab00000|  0%| F|  |TAMS 0x000000008aa00000, 0x000000008aa00000| Untracked 
| 171|0x000000008ab00000, 0x000000008ab00000, 0x000000008ac00000|  0%| F|  |TAMS 0x000000008ab00000, 0x000000008ab00000| Untracked 
| 172|0x000000008ac00000, 0x000000008ac00000, 0x000000008ad00000|  0%| F|  |TAMS 0x000000008ac00000, 0x000000008ac00000| Untracked 
| 173|0x000000008ad00000, 0x000000008ad00000, 0x000000008ae00000|  0%| F|  |TAMS 0x000000008ad00000, 0x000000008ad00000| Untracked 
| 174|0x000000008ae00000, 0x000000008ae00000, 0x000000008af00000|  0%| F|  |TAMS 0x000000008ae00000, 0x000000008ae00000| Untracked 
| 175|0x000000008af00000, 0x000000008af00000, 0x000000008b000000|  0%| F|  |TAMS 0x000000008af00000, 0x000000008af00000| Untracked 
| 176|0x000000008b000000, 0x000000008b000000, 0x000000008b100000|  0%| F|  |TAMS 0x000000008b000000, 0x000000008b000000| Untracked 
| 177|0x000000008b100000, 0x000000008b100000, 0x000000008b200000|  0%| F|  |TAMS 0x000000008b100000, 0x000000008b100000| Untracked 
| 178|0x000000008b200000, 0x000000008b200000, 0x000000008b300000|  0%| F|  |TAMS 0x000000008b200000, 0x000000008b200000| Untracked 
| 179|0x000000008b300000, 0x000000008b300000, 0x000000008b400000|  0%| F|  |TAMS 0x000000008b300000, 0x000000008b300000| Untracked 
| 180|0x000000008b400000, 0x000000008b400000, 0x000000008b500000|  0%| F|  |TAMS 0x000000008b400000, 0x000000008b400000| Untracked 
| 181|0x000000008b500000, 0x000000008b500000, 0x000000008b600000|  0%| F|  |TAMS 0x000000008b500000, 0x000000008b500000| Untracked 
| 182|0x000000008b600000, 0x000000008b600000, 0x000000008b700000|  0%| F|  |TAMS 0x000000008b600000, 0x000000008b600000| Untracked 
| 183|0x000000008b700000, 0x000000008b700000, 0x000000008b800000|  0%| F|  |TAMS 0x000000008b700000, 0x000000008b700000| Untracked 
| 184|0x000000008b800000, 0x000000008b800000, 0x000000008b900000|  0%| F|  |TAMS 0x000000008b800000, 0x000000008b800000| Untracked 
| 185|0x000000008b900000, 0x000000008b900000, 0x000000008ba00000|  0%| F|  |TAMS 0x000000008b900000, 0x000000008b900000| Untracked 
| 186|0x000000008ba00000, 0x000000008ba00000, 0x000000008bb00000|  0%| F|  |TAMS 0x000000008ba00000, 0x000000008ba00000| Untracked 
| 187|0x000000008bb00000, 0x000000008bb00000, 0x000000008bc00000|  0%| F|  |TAMS 0x000000008bb00000, 0x000000008bb00000| Untracked 
| 188|0x000000008bc00000, 0x000000008bc00000, 0x000000008bd00000|  0%| F|  |TAMS 0x000000008bc00000, 0x000000008bc00000| Untracked 
| 189|0x000000008bd00000, 0x000000008bd00000, 0x000000008be00000|  0%| F|  |TAMS 0x000000008bd00000, 0x000000008bd00000| Untracked 
| 190|0x000000008be00000, 0x000000008be00000, 0x000000008bf00000|  0%| F|  |TAMS 0x000000008be00000, 0x000000008be00000| Untracked 
| 191|0x000000008bf00000, 0x000000008bf00000, 0x000000008c000000|  0%| F|  |TAMS 0x000000008bf00000, 0x000000008bf00000| Untracked 
| 192|0x000000008c000000, 0x000000008c000000, 0x000000008c100000|  0%| F|  |TAMS 0x000000008c000000, 0x000000008c000000| Untracked 
| 193|0x000000008c100000, 0x000000008c100000, 0x000000008c200000|  0%| F|  |TAMS 0x000000008c100000, 0x000000008c100000| Untracked 
| 194|0x000000008c200000, 0x000000008c200000, 0x000000008c300000|  0%| F|  |TAMS 0x000000008c200000, 0x000000008c200000| Untracked 
| 195|0x000000008c300000, 0x000000008c300000, 0x000000008c400000|  0%| F|  |TAMS 0x000000008c300000, 0x000000008c300000| Untracked 
| 196|0x000000008c400000, 0x000000008c400000, 0x000000008c500000|  0%| F|  |TAMS 0x000000008c400000, 0x000000008c400000| Untracked 
| 197|0x000000008c500000, 0x000000008c500000, 0x000000008c600000|  0%| F|  |TAMS 0x000000008c500000, 0x000000008c500000| Untracked 
| 198|0x000000008c600000, 0x000000008c600000, 0x000000008c700000|  0%| F|  |TAMS 0x000000008c600000, 0x000000008c600000| Untracked 
| 199|0x000000008c700000, 0x000000008c700000, 0x000000008c800000|  0%| F|  |TAMS 0x000000008c700000, 0x000000008c700000| Untracked 
| 200|0x000000008c800000, 0x000000008c800000, 0x000000008c900000|  0%| F|  |TAMS 0x000000008c800000, 0x000000008c800000| Untracked 
| 201|0x000000008c900000, 0x000000008c900000, 0x000000008ca00000|  0%| F|  |TAMS 0x000000008c900000, 0x000000008c900000| Untracked 
| 202|0x000000008ca00000, 0x000000008ca00000, 0x000000008cb00000|  0%| F|  |TAMS 0x000000008ca00000, 0x000000008ca00000| Untracked 
| 203|0x000000008cb00000, 0x000000008cb00000, 0x000000008cc00000|  0%| F|  |TAMS 0x000000008cb00000, 0x000000008cb00000| Untracked 
| 204|0x000000008cc00000, 0x000000008cc00000, 0x000000008cd00000|  0%| F|  |TAMS 0x000000008cc00000, 0x000000008cc00000| Untracked 
| 205|0x000000008cd00000, 0x000000008cd00000, 0x000000008ce00000|  0%| F|  |TAMS 0x000000008cd00000, 0x000000008cd00000| Untracked 
| 206|0x000000008ce00000, 0x000000008ce00000, 0x000000008cf00000|  0%| F|  |TAMS 0x000000008ce00000, 0x000000008ce00000| Untracked 
| 207|0x000000008cf00000, 0x000000008cf00000, 0x000000008d000000|  0%| F|  |TAMS 0x000000008cf00000, 0x000000008cf00000| Untracked 
| 208|0x000000008d000000, 0x000000008d000000, 0x000000008d100000|  0%| F|  |TAMS 0x000000008d000000, 0x000000008d000000| Untracked 
| 209|0x000000008d100000, 0x000000008d100000, 0x000000008d200000|  0%| F|  |TAMS 0x000000008d100000, 0x000000008d100000| Untracked 
| 210|0x000000008d200000, 0x000000008d200000, 0x000000008d300000|  0%| F|  |TAMS 0x000000008d200000, 0x000000008d200000| Untracked 
| 211|0x000000008d300000, 0x000000008d300000, 0x000000008d400000|  0%| F|  |TAMS 0x000000008d300000, 0x000000008d300000| Untracked 
| 212|0x000000008d400000, 0x000000008d400000, 0x000000008d500000|  0%| F|  |TAMS 0x000000008d400000, 0x000000008d400000| Untracked 
| 213|0x000000008d500000, 0x000000008d500000, 0x000000008d600000|  0%| F|  |TAMS 0x000000008d500000, 0x000000008d500000| Untracked 
| 214|0x000000008d600000, 0x000000008d600000, 0x000000008d700000|  0%| F|  |TAMS 0x000000008d600000, 0x000000008d600000| Untracked 
| 215|0x000000008d700000, 0x000000008d700000, 0x000000008d800000|  0%| F|  |TAMS 0x000000008d700000, 0x000000008d700000| Untracked 
| 216|0x000000008d800000, 0x000000008d800000, 0x000000008d900000|  0%| F|  |TAMS 0x000000008d800000, 0x000000008d800000| Untracked 
| 217|0x000000008d900000, 0x000000008d900000, 0x000000008da00000|  0%| F|  |TAMS 0x000000008d900000, 0x000000008d900000| Untracked 
| 218|0x000000008da00000, 0x000000008da00000, 0x000000008db00000|  0%| F|  |TAMS 0x000000008da00000, 0x000000008da00000| Untracked 
| 219|0x000000008db00000, 0x000000008db00000, 0x000000008dc00000|  0%| F|  |TAMS 0x000000008db00000, 0x000000008db00000| Untracked 
| 220|0x000000008dc00000, 0x000000008dc00000, 0x000000008dd00000|  0%| F|  |TAMS 0x000000008dc00000, 0x000000008dc00000| Untracked 
| 221|0x000000008dd00000, 0x000000008dd39080, 0x000000008de00000| 22%| S|  |TAMS 0x000000008dd00000, 0x000000008dd00000| Complete 
| 222|0x000000008de00000, 0x000000008df00000, 0x000000008df00000|100%| S|  |TAMS 0x000000008de00000, 0x000000008de00000| Complete 
| 223|0x000000008df00000, 0x000000008e000000, 0x000000008e000000|100%| S|  |TAMS 0x000000008df00000, 0x000000008df00000| Complete 
| 224|0x000000008e000000, 0x000000008e100000, 0x000000008e100000|100%| S|  |TAMS 0x000000008e000000, 0x000000008e000000| Complete 
| 225|0x000000008e100000, 0x000000008e189b48, 0x000000008e200000| 53%| E|CS|TAMS 0x000000008e100000, 0x000000008e189b48| Complete 
| 226|0x000000008e200000, 0x000000008e300000, 0x000000008e300000|100%| E|CS|TAMS 0x000000008e200000, 0x000000008e300000| Complete 
| 227|0x000000008e300000, 0x000000008e400000, 0x000000008e400000|100%| E|CS|TAMS 0x000000008e300000, 0x000000008e400000| Complete 
| 228|0x000000008e400000, 0x000000008e500000, 0x000000008e500000|100%| E|CS|TAMS 0x000000008e400000, 0x000000008e500000| Complete 
| 229|0x000000008e500000, 0x000000008e600000, 0x000000008e600000|100%| E|CS|TAMS 0x000000008e500000, 0x000000008e600000| Complete 
| 230|0x000000008e600000, 0x000000008e700000, 0x000000008e700000|100%| E|CS|TAMS 0x000000008e600000, 0x000000008e700000| Complete 
| 231|0x000000008e700000, 0x000000008e800000, 0x000000008e800000|100%| E|CS|TAMS 0x000000008e700000, 0x000000008e800000| Complete 
| 232|0x000000008e800000, 0x000000008e900000, 0x000000008e900000|100%| E|CS|TAMS 0x000000008e800000, 0x000000008e900000| Complete 
| 233|0x000000008e900000, 0x000000008ea00000, 0x000000008ea00000|100%| E|CS|TAMS 0x000000008e900000, 0x000000008ea00000| Complete 
| 234|0x000000008ea00000, 0x000000008eb00000, 0x000000008eb00000|100%| E|CS|TAMS 0x000000008ea00000, 0x000000008eb00000| Complete 
| 235|0x000000008eb00000, 0x000000008ec00000, 0x000000008ec00000|100%| E|CS|TAMS 0x000000008eb00000, 0x000000008ec00000| Complete 
| 236|0x000000008ec00000, 0x000000008ed00000, 0x000000008ed00000|100%| E|CS|TAMS 0x000000008ec00000, 0x000000008ed00000| Complete 
| 237|0x000000008ed00000, 0x000000008ee00000, 0x000000008ee00000|100%| E|CS|TAMS 0x000000008ed00000, 0x000000008ee00000| Complete 
| 238|0x000000008ee00000, 0x000000008ef00000, 0x000000008ef00000|100%| E|CS|TAMS 0x000000008ee00000, 0x000000008ef00000| Complete 
| 239|0x000000008ef00000, 0x000000008f000000, 0x000000008f000000|100%| E|CS|TAMS 0x000000008ef00000, 0x000000008f000000| Complete 
| 240|0x000000008f000000, 0x000000008f100000, 0x000000008f100000|100%| E|CS|TAMS 0x000000008f000000, 0x000000008f100000| Complete 
| 241|0x000000008f100000, 0x000000008f200000, 0x000000008f200000|100%| E|CS|TAMS 0x000000008f100000, 0x000000008f200000| Complete 
| 242|0x000000008f200000, 0x000000008f300000, 0x000000008f300000|100%| E|CS|TAMS 0x000000008f200000, 0x000000008f300000| Complete 
| 243|0x000000008f300000, 0x000000008f400000, 0x000000008f400000|100%| E|CS|TAMS 0x000000008f300000, 0x000000008f400000| Complete 
| 244|0x000000008f400000, 0x000000008f500000, 0x000000008f500000|100%| E|CS|TAMS 0x000000008f400000, 0x000000008f500000| Complete 

Card table byte_map: [0x0000022ff6190000,0x0000022ff6590000] _byte_map_base: 0x0000022ff5d90000

Marking Bits (Prev, Next): (CMBitMap*) 0x0000022ff1f92b88, (CMBitMap*) 0x0000022ff1f92bc0
 Prev Bits: [0x0000022ff6990000, 0x0000022ff8990000)
 Next Bits: [0x0000022ff8990000, 0x0000022ffa990000)

Polling page: 0x0000022feff60000

Metaspace:

Usage:
  Non-class:    111.87 MB capacity,   109.52 MB ( 98%) used,     1.89 MB (  2%) free+waste,   481.63 KB ( <1%) overhead. 
      Class:     16.95 MB capacity,    15.50 MB ( 91%) used,     1.24 MB (  7%) free+waste,   210.63 KB (  1%) overhead. 
       Both:    128.82 MB capacity,   125.02 MB ( 97%) used,     3.13 MB (  2%) free+waste,   692.25 KB ( <1%) overhead. 

Virtual space:
  Non-class space:      112.00 MB reserved,     111.92 MB (>99%) committed 
      Class space:        1.00 GB reserved,      17.50 MB (  2%) committed 
             Both:        1.11 GB reserved,     129.42 MB ( 11%) committed 

Chunk freelists:
   Non-Class:  1.00 KB
       Class:  503.00 KB
        Both:  504.00 KB

MaxMetaspaceSize: 17179869184.00 GB
CompressedClassSpaceSize: 1.00 GB
Initial GC threshold: 20.80 MB
Current GC threshold: 215.28 MB
CDS: off

CodeHeap 'non-profiled nmethods': size=120000Kb used=15592Kb max_used=15592Kb free=104407Kb
 bounds [0x0000022f87ad0000, 0x0000022f88a10000, 0x0000022f8f000000]
CodeHeap 'profiled nmethods': size=120000Kb used=50842Kb max_used=50842Kb free=69158Kb
 bounds [0x0000022f805a0000, 0x0000022f83750000, 0x0000022f87ad0000]
CodeHeap 'non-nmethods': size=5760Kb used=2462Kb max_used=2529Kb free=3297Kb
 bounds [0x0000022f80000000, 0x0000022f80290000, 0x0000022f805a0000]
 total_blobs=24365 nmethods=23380 adapters=895
 compilation: enabled
              stopped_count=0, restarted_count=0
 full_count=0

Compilation events (20 events):
Event: 4200.846 Thread 0x0000022ffd3e0000 nmethod 25683 0x0000022f88a09810 code [0x0000022f88a099c0, 0x0000022f88a09e58]
Event: 4200.855 Thread 0x0000022ffd3e0000 25684       4       org.gradle.internal.component.model.DefaultSelectedByVariantMatchingConfigurationMetadata::isExternalVariant (10 bytes)
Event: 4200.856 Thread 0x0000022ffd3e0000 nmethod 25684 0x0000022f88a09f90 code [0x0000022f88a0a140, 0x0000022f88a0a238]
Event: 4200.858 Thread 0x0000022ffd3e0000 25685  s    4       org.gradle.internal.component.external.model.AbstractLazyModuleComponentResolveMetadata::getVariantsForGraphTraversal (20 bytes)
Event: 4200.868 Thread 0x0000022ffd3e3000 25687       3       java.util.BitSet::<init> (56 bytes)
Event: 4200.870 Thread 0x0000022ffd3e3000 nmethod 25687 0x0000022f83745090 code [0x0000022f83745320, 0x0000022f83745d78]
Event: 4200.878 Thread 0x0000022ffd3e3000 25688       3       org.gradle.internal.serialize.AbstractCollectionSerializer::read (6 bytes)
Event: 4200.879 Thread 0x0000022ffd3e3000 nmethod 25688 0x0000022f83746110 code [0x0000022f837462c0, 0x0000022f83746468]
Event: 4200.946 Thread 0x0000022ffd3e3000 25690       3       org.gradle.api.internal.provider.DefaultMapProperty::calculateValueFrom (10 bytes)
Event: 4200.947 Thread 0x0000022ffd3e3000 nmethod 25690 0x0000022f83746510 code [0x0000022f837466e0, 0x0000022f83746a28]
Event: 4200.947 Thread 0x0000022ffd3e3000 25691       3       org.gradle.api.internal.provider.DefaultMapProperty::calculateValueFrom (8 bytes)
Event: 4200.947 Thread 0x0000022ffd3e3000 nmethod 25691 0x0000022f83746b90 code [0x0000022f83746d40, 0x0000022f83746f08]
Event: 4200.955 Thread 0x0000022ffd3e3000 25693       3       org.gradle.internal.snapshot.impl.EnumValueSnapshot::<init> (24 bytes)
Event: 4200.956 Thread 0x0000022ffd3e3000 nmethod 25693 0x0000022f83747010 code [0x0000022f837471e0, 0x0000022f83747548]
Event: 4201.021 Thread 0x0000022ffd3e3000 25695       3       com.google.common.cache.LocalCache::usesAccessQueue (20 bytes)
Event: 4201.022 Thread 0x0000022ffd3e3000 nmethod 25695 0x0000022f83747690 code [0x0000022f83747860, 0x0000022f83747b98]
Event: 4201.035 Thread 0x0000022ffd3e3000 25696       3       org.gradle.internal.execution.history.changes.AbsolutePathFingerprintCompareStrategy$$Lambda$879/0x0000000100b10440::hasSameContent (12 bytes)
Event: 4201.036 Thread 0x0000022ffd3e3000 nmethod 25696 0x0000022f83747c90 code [0x0000022f83747ea0, 0x0000022f837483e8]
Event: 4201.036 Thread 0x0000022ffd3e3000 25697       3       org.gradle.internal.execution.history.changes.AbsolutePathFingerprintCompareStrategy::lambda$new$0 (16 bytes)
Event: 4201.036 Thread 0x0000022ffd3e3000 nmethod 25697 0x0000022f83748590 code [0x0000022f83748760, 0x0000022f83748a08]

GC Heap History (20 events):
Event: 3134.466 GC heap before
{Heap before GC invocations=74 (full 0):
 garbage-first heap   total 250880K, used 114639K [0x0000000080000000, 0x0000000100000000)
  region size 1024K, 12 young (12288K), 2 survivors (2048K)
 Metaspace       used 124640K, capacity 127897K, committed 130732K, reserved 1163264K
  class space    used 15563K, capacity 16808K, committed 17920K, reserved 1048576K
}
Event: 3134.494 GC heap after
{Heap after GC invocations=75 (full 0):
 garbage-first heap   total 250880K, used 98279K [0x0000000080000000, 0x0000000100000000)
  region size 1024K, 1 young (1024K), 1 survivors (1024K)
 Metaspace       used 124640K, capacity 127897K, committed 130732K, reserved 1163264K
  class space    used 15563K, capacity 16808K, committed 17920K, reserved 1048576K
}
Event: 3135.476 GC heap before
{Heap before GC invocations=75 (full 0):
 garbage-first heap   total 250880K, used 204775K [0x0000000080000000, 0x0000000100000000)
  region size 1024K, 103 young (105472K), 1 survivors (1024K)
 Metaspace       used 125322K, capacity 128580K, committed 131244K, reserved 1163264K
  class space    used 15574K, capacity 16828K, committed 17920K, reserved 1048576K
}
Event: 3135.521 GC heap after
{Heap after GC invocations=76 (full 0):
 garbage-first heap   total 250880K, used 102889K [0x0000000080000000, 0x0000000100000000)
  region size 1024K, 6 young (6144K), 6 survivors (6144K)
 Metaspace       used 125322K, capacity 128580K, committed 131244K, reserved 1163264K
  class space    used 15574K, capacity 16828K, committed 17920K, reserved 1048576K
}
Event: 3135.684 GC heap before
{Heap before GC invocations=76 (full 0):
 garbage-first heap   total 250880K, used 105961K [0x0000000080000000, 0x0000000100000000)
  region size 1024K, 11 young (11264K), 6 survivors (6144K)
 Metaspace       used 125337K, capacity 128581K, committed 131244K, reserved 1163264K
  class space    used 15574K, capacity 16828K, committed 17920K, reserved 1048576K
}
Event: 3135.700 GC heap after
{Heap after GC invocations=77 (full 0):
 garbage-first heap   total 250880K, used 105062K [0x0000000080000000, 0x0000000100000000)
  region size 1024K, 8 young (8192K), 8 survivors (8192K)
 Metaspace       used 125337K, capacity 128581K, committed 131244K, reserved 1163264K
  class space    used 15574K, capacity 16828K, committed 17920K, reserved 1048576K
}
Event: 3175.492 GC heap before
{Heap before GC invocations=78 (full 0):
 garbage-first heap   total 250880K, used 238182K [0x0000000080000000, 0x0000000100000000)
  region size 1024K, 105 young (107520K), 8 survivors (8192K)
 Metaspace       used 126137K, capacity 129591K, committed 131756K, reserved 1163264K
  class space    used 15653K, capacity 16953K, committed 17920K, reserved 1048576K
}
Event: 3175.714 GC heap after
{Heap after GC invocations=79 (full 0):
 garbage-first heap   total 250880K, used 100822K [0x0000000080000000, 0x0000000100000000)
  region size 1024K, 4 young (4096K), 4 survivors (4096K)
 Metaspace       used 126137K, capacity 129591K, committed 131756K, reserved 1163264K
  class space    used 15653K, capacity 16953K, committed 17920K, reserved 1048576K
}
Event: 3176.350 GC heap before
{Heap before GC invocations=79 (full 0):
 garbage-first heap   total 250880K, used 109014K [0x0000000080000000, 0x0000000100000000)
  region size 1024K, 12 young (12288K), 4 survivors (4096K)
 Metaspace       used 126144K, capacity 129591K, committed 131756K, reserved 1163264K
  class space    used 15653K, capacity 16953K, committed 17920K, reserved 1048576K
}
Event: 3176.564 GC heap after
{Heap after GC invocations=80 (full 0):
 garbage-first heap   total 250880K, used 92496K [0x0000000080000000, 0x0000000100000000)
  region size 1024K, 1 young (1024K), 1 survivors (1024K)
 Metaspace       used 126144K, capacity 129591K, committed 131756K, reserved 1163264K
  class space    used 15653K, capacity 16953K, committed 17920K, reserved 1048576K
}
Event: 3211.903 GC heap before
{Heap before GC invocations=80 (full 0):
 garbage-first heap   total 250880K, used 236880K [0x0000000080000000, 0x0000000100000000)
  region size 1024K, 110 young (112640K), 1 survivors (1024K)
 Metaspace       used 126555K, capacity 130100K, committed 132012K, reserved 1163264K
  class space    used 15674K, capacity 16990K, committed 17920K, reserved 1048576K
}
Event: 3212.384 GC heap after
{Heap after GC invocations=81 (full 0):
 garbage-first heap   total 250880K, used 100289K [0x0000000080000000, 0x0000000100000000)
  region size 1024K, 9 young (9216K), 9 survivors (9216K)
 Metaspace       used 126555K, capacity 130100K, committed 132012K, reserved 1163264K
  class space    used 15674K, capacity 16990K, committed 17920K, reserved 1048576K
}
Event: 3412.902 GC heap before
{Heap before GC invocations=81 (full 0):
 garbage-first heap   total 250880K, used 172993K [0x0000000080000000, 0x0000000100000000)
  region size 1024K, 82 young (83968K), 9 survivors (9216K)
 Metaspace       used 126833K, capacity 130334K, committed 132268K, reserved 1163264K
  class space    used 15687K, capacity 17014K, committed 17920K, reserved 1048576K
}
Event: 3413.015 GC heap after
{Heap after GC invocations=82 (full 0):
 garbage-first heap   total 250880K, used 102701K [0x0000000080000000, 0x0000000100000000)
  region size 1024K, 6 young (6144K), 6 survivors (6144K)
 Metaspace       used 126833K, capacity 130334K, committed 132268K, reserved 1163264K
  class space    used 15687K, capacity 17014K, committed 17920K, reserved 1048576K
}
Event: 3417.906 GC heap before
{Heap before GC invocations=83 (full 0):
 garbage-first heap   total 250880K, used 211245K [0x0000000080000000, 0x0000000100000000)
  region size 1024K, 98 young (100352K), 6 survivors (6144K)
 Metaspace       used 126950K, capacity 130473K, committed 132268K, reserved 1163264K
  class space    used 15691K, capacity 17016K, committed 17920K, reserved 1048576K
}
Event: 3417.935 GC heap after
{Heap after GC invocations=84 (full 0):
 garbage-first heap   total 250880K, used 104062K [0x0000000080000000, 0x0000000100000000)
  region size 1024K, 10 young (10240K), 10 survivors (10240K)
 Metaspace       used 126950K, capacity 130473K, committed 132268K, reserved 1163264K
  class space    used 15691K, capacity 17016K, committed 17920K, reserved 1048576K
}
Event: 3418.082 GC heap before
{Heap before GC invocations=84 (full 0):
 garbage-first heap   total 250880K, used 106110K [0x0000000080000000, 0x0000000100000000)
  region size 1024K, 12 young (12288K), 10 survivors (10240K)
 Metaspace       used 126975K, capacity 130479K, committed 132268K, reserved 1163264K
  class space    used 15692K, capacity 17018K, committed 17920K, reserved 1048576K
}
Event: 3418.123 GC heap after
{Heap after GC invocations=85 (full 0):
 garbage-first heap   total 250880K, used 91296K [0x0000000080000000, 0x0000000100000000)
  region size 1024K, 2 young (2048K), 2 survivors (2048K)
 Metaspace       used 126975K, capacity 130479K, committed 132268K, reserved 1163264K
  class space    used 15692K, capacity 17018K, committed 17920K, reserved 1048576K
}
Event: 4199.525 GC heap before
{Heap before GC invocations=85 (full 0):
 garbage-first heap   total 250880K, used 219296K [0x0000000080000000, 0x0000000100000000)
  region size 1024K, 105 young (107520K), 2 survivors (2048K)
 Metaspace       used 127827K, capacity 131672K, committed 132524K, reserved 1163264K
  class space    used 15843K, capacity 17296K, committed 17920K, reserved 1048576K
}
Event: 4199.640 GC heap after
{Heap after GC invocations=86 (full 0):
 garbage-first heap   total 250880K, used 92469K [0x0000000080000000, 0x0000000100000000)
  region size 1024K, 3 young (3072K), 3 survivors (3072K)
 Metaspace       used 127827K, capacity 131672K, committed 132524K, reserved 1163264K
  class space    used 15843K, capacity 17296K, committed 17920K, reserved 1048576K
}

Deoptimization events (20 events):
Event: 3418.257 Thread 0x0000022f938c5000 Uncommon trap: trap_request=0xffffffde fr.pc=0x0000022f885f5fc8 relative=0x00000000000001e8
Event: 3418.257 Thread 0x0000022f938c5000 Uncommon trap: reason=class_check action=maybe_recompile pc=0x0000022f885f5fc8 method=org.gradle.internal.resources.DefaultResourceLockCoordinationService$AcquireLocks.transform(Lorg/gradle/internal/resources/ResourceLockState;)Lorg/gradle/internal/resour
Event: 3418.257 Thread 0x0000022f938c5000 DEOPT PACKING pc=0x0000022f885f5fc8 sp=0x000000908d2faf70
Event: 3418.257 Thread 0x0000022f938c5000 DEOPT UNPACKING pc=0x0000022f8004a1af sp=0x000000908d2faea8 mode 2
Event: 3436.198 Thread 0x0000022f950cd800 Uncommon trap: trap_request=0xffffffde fr.pc=0x0000022f88759a14 relative=0x0000000000000a14
Event: 3436.198 Thread 0x0000022f950cd800 Uncommon trap: reason=class_check action=maybe_recompile pc=0x0000022f88759a14 method=org.gradle.cache.internal.LockOnDemandCrossProcessCacheAccess.incrementLockCount()V @ 97 c2
Event: 3436.198 Thread 0x0000022f950cd800 DEOPT PACKING pc=0x0000022f88759a14 sp=0x0000009085cf7770
Event: 3436.198 Thread 0x0000022f950cd800 DEOPT UNPACKING pc=0x0000022f8004a1af sp=0x0000009085cf7750 mode 2
Event: 3438.303 Thread 0x0000022f99b46000 DEOPT PACKING pc=0x0000022f829e7758 sp=0x000000908d0fdb20
Event: 3438.303 Thread 0x0000022f99b46000 DEOPT UNPACKING pc=0x0000022f8004a95e sp=0x000000908d0fcff0 mode 0
Event: 3438.632 Thread 0x0000022f99b46800 DEOPT PACKING pc=0x0000022f81157ebc sp=0x000000908d2fdbf0
Event: 3438.632 Thread 0x0000022f99b46800 DEOPT UNPACKING pc=0x0000022f8004a95e sp=0x000000908d2fd0b0 mode 0
Event: 3438.730 Thread 0x0000022f950cd800 Uncommon trap: trap_request=0xffffff7e fr.pc=0x0000022f8896c630 relative=0x0000000000000450
Event: 3438.730 Thread 0x0000022f950cd800 Uncommon trap: reason=predicate action=maybe_recompile pc=0x0000022f8896c630 method=com.google.common.collect.ImmutableList.copyIntoArray([Ljava/lang/Object;I)I @ 11 c2
Event: 3438.730 Thread 0x0000022f950cd800 DEOPT PACKING pc=0x0000022f8896c630 sp=0x0000009085cfb7f0
Event: 3438.730 Thread 0x0000022f950cd800 DEOPT UNPACKING pc=0x0000022f8004a1af sp=0x0000009085cfb7a0 mode 2
Event: 4198.244 Thread 0x0000022f94f3f000 Uncommon trap: trap_request=0xffffff4d fr.pc=0x0000022f887581dc relative=0x000000000000039c
Event: 4198.271 Thread 0x0000022f94f3f000 Uncommon trap: reason=unstable_if action=reinterpret pc=0x0000022f887581dc method=java.util.concurrent.ConcurrentLinkedQueue.offer(Ljava/lang/Object;)Z @ 77 c2
Event: 4198.273 Thread 0x0000022f94f3f000 DEOPT PACKING pc=0x0000022f887581dc sp=0x0000009087dfdb10
Event: 4198.276 Thread 0x0000022f94f3f000 DEOPT UNPACKING pc=0x0000022f8004a1af sp=0x0000009087dfdaa8 mode 2

Classes redefined (0 events):
No events

Internal exceptions (20 events):
Event: 3418.309 Thread 0x0000022f950cd800 Exception <a 'sun/nio/fs/WindowsException'{0x000000008eb0fd70}> (0x000000008eb0fd70) thrown at [./src/hotspot/share/prims/jni.cpp, line 615]
Event: 3418.309 Thread 0x0000022f950cd800 Exception <a 'sun/nio/fs/WindowsException'{0x000000008eb0fdf0}> (0x000000008eb0fdf0) thrown at [./src/hotspot/share/prims/jni.cpp, line 615]
Event: 3418.310 Thread 0x0000022f950cd800 Exception <a 'sun/nio/fs/WindowsException'{0x000000008eb11758}> (0x000000008eb11758) thrown at [./src/hotspot/share/prims/jni.cpp, line 615]
Event: 3437.031 Thread 0x0000022f950cd800 Exception <a 'sun/nio/fs/WindowsException'{0x000000008d28baf8}> (0x000000008d28baf8) thrown at [./src/hotspot/share/prims/jni.cpp, line 615]
Event: 3437.292 Thread 0x0000022f950cd800 Exception <a 'java/lang/NoClassDefFoundError'{0x000000008ce07110}: org/jetbrains/kotlin/gradle/plugin/KotlinBasePluginWrapper> (0x000000008ce07110) thrown at [./src/hotspot/share/oops/constantPool.cpp, line 775]
Event: 3437.470 Thread 0x0000022f950cd800 Exception <a 'sun/nio/fs/WindowsException'{0x000000008ccfd518}> (0x000000008ccfd518) thrown at [./src/hotspot/share/prims/jni.cpp, line 615]
Event: 3437.573 Thread 0x0000022f950cd800 Exception <a 'sun/nio/fs/WindowsException'{0x000000008cb9e968}> (0x000000008cb9e968) thrown at [./src/hotspot/share/prims/jni.cpp, line 615]
Event: 3437.574 Thread 0x0000022f950cd800 Exception <a 'sun/nio/fs/WindowsException'{0x000000008cb9fcf0}> (0x000000008cb9fcf0) thrown at [./src/hotspot/share/prims/jni.cpp, line 615]
Event: 3437.574 Thread 0x0000022f950cd800 Exception <a 'sun/nio/fs/WindowsException'{0x000000008cba10c8}> (0x000000008cba10c8) thrown at [./src/hotspot/share/prims/jni.cpp, line 615]
Event: 3437.574 Thread 0x0000022f950cd800 Exception <a 'sun/nio/fs/WindowsException'{0x000000008cba24a0}> (0x000000008cba24a0) thrown at [./src/hotspot/share/prims/jni.cpp, line 615]
Event: 3438.708 Thread 0x0000022f950cd800 Exception <a 'sun/nio/fs/WindowsException'{0x000000008b0ebe90}> (0x000000008b0ebe90) thrown at [./src/hotspot/share/prims/jni.cpp, line 615]
Event: 3438.708 Thread 0x0000022f950cd800 Exception <a 'sun/nio/fs/WindowsException'{0x000000008b0ebf10}> (0x000000008b0ebf10) thrown at [./src/hotspot/share/prims/jni.cpp, line 615]
Event: 3438.709 Thread 0x0000022f950cd800 Exception <a 'sun/nio/fs/WindowsException'{0x000000008b0ed878}> (0x000000008b0ed878) thrown at [./src/hotspot/share/prims/jni.cpp, line 615]
Event: 4199.776 Thread 0x0000022f94f35800 Exception <a 'sun/nio/fs/WindowsException'{0x000000008f4fd270}> (0x000000008f4fd270) thrown at [./src/hotspot/share/prims/jni.cpp, line 615]
Event: 4200.133 Thread 0x0000022f94f35800 Exception <a 'java/lang/NoClassDefFoundError'{0x000000008f0462c8}: org/jetbrains/kotlin/gradle/plugin/KotlinBasePluginWrapper> (0x000000008f0462c8) thrown at [./src/hotspot/share/oops/constantPool.cpp, line 775]
Event: 4200.392 Thread 0x0000022f94f35800 Exception <a 'sun/nio/fs/WindowsException'{0x000000008ed469c0}> (0x000000008ed469c0) thrown at [./src/hotspot/share/prims/jni.cpp, line 615]
Event: 4200.483 Thread 0x0000022f94f35800 Exception <a 'sun/nio/fs/WindowsException'{0x000000008ede8e50}> (0x000000008ede8e50) thrown at [./src/hotspot/share/prims/jni.cpp, line 615]
Event: 4200.485 Thread 0x0000022f94f35800 Exception <a 'sun/nio/fs/WindowsException'{0x000000008edea0c0}> (0x000000008edea0c0) thrown at [./src/hotspot/share/prims/jni.cpp, line 615]
Event: 4200.486 Thread 0x0000022f94f35800 Exception <a 'sun/nio/fs/WindowsException'{0x000000008edeb380}> (0x000000008edeb380) thrown at [./src/hotspot/share/prims/jni.cpp, line 615]
Event: 4200.486 Thread 0x0000022f94f35800 Exception <a 'sun/nio/fs/WindowsException'{0x000000008edec640}> (0x000000008edec640) thrown at [./src/hotspot/share/prims/jni.cpp, line 615]

Events (20 events):
Event: 4199.641 Executing VM operation: G1CollectForAllocation done
Event: 4199.896 Executing VM operation: BulkRevokeBias
Event: 4199.901 Executing VM operation: BulkRevokeBias done
Event: 4200.617 Thread 0x0000022f938cf800 Thread added: 0x0000022f938cf800
Event: 4200.621 Thread 0x0000022f938cb000 Thread added: 0x0000022f938cb000
Event: 4200.621 Thread 0x0000022f938d1800 Thread added: 0x0000022f938d1800
Event: 4200.622 Thread 0x0000022f938cb800 Thread added: 0x0000022f938cb800
Event: 4200.623 Thread 0x0000022f99b3f800 Thread added: 0x0000022f99b3f800
Event: 4200.623 Thread 0x0000022f99b40000 Thread added: 0x0000022f99b40000
Event: 4200.623 Thread 0x0000022f99b44800 Thread added: 0x0000022f99b44800
Event: 4200.623 Thread 0x0000022f99b46000 Thread added: 0x0000022f99b46000
Event: 4200.631 Thread 0x0000022f99b42000 Thread added: 0x0000022f99b42000
Event: 4200.712 Executing VM operation: RevokeBias
Event: 4200.714 Executing VM operation: RevokeBias done
Event: 4200.716 Executing VM operation: RevokeBias
Event: 4200.716 Executing VM operation: RevokeBias done
Event: 4200.720 Executing VM operation: RevokeBias
Event: 4200.720 Executing VM operation: RevokeBias done
Event: 4200.886 Executing VM operation: RevokeBias
Event: 4200.886 Executing VM operation: RevokeBias done


Dynamic libraries:
0x00007ff6e9ab0000 - 0x00007ff6e9aba000 	C:\Program Files\Android\Android Studio\jre\bin\java.exe
0x00007ffa78e60000 - 0x00007ffa79069000 	C:\WINDOWS\SYSTEM32\ntdll.dll
0x00007ffa76ce0000 - 0x00007ffa76d9e000 	C:\WINDOWS\System32\KERNEL32.DLL
0x00007ffa764f0000 - 0x00007ffa7686b000 	C:\WINDOWS\System32\KERNELBASE.dll
0x00007ffa763d0000 - 0x00007ffa764e1000 	C:\WINDOWS\System32\ucrtbase.dll
0x00007ffa53230000 - 0x00007ffa53247000 	C:\Program Files\Android\Android Studio\jre\bin\VCRUNTIME140.dll
0x00007ffa530d0000 - 0x00007ffa530e9000 	C:\Program Files\Android\Android Studio\jre\bin\jli.dll
0x00007ffa782d0000 - 0x00007ffa7847d000 	C:\WINDOWS\System32\USER32.dll
0x00007ffa51950000 - 0x00007ffa51bf5000 	C:\WINDOWS\WinSxS\amd64_microsoft.windows.common-controls_6595b64144ccf1df_6.0.22000.120_none_9d947278b86cc467\COMCTL32.dll
0x00007ffa76990000 - 0x00007ffa769b6000 	C:\WINDOWS\System32\win32u.dll
0x00007ffa77210000 - 0x00007ffa77239000 	C:\WINDOWS\System32\GDI32.dll
0x00007ffa77850000 - 0x00007ffa778f3000 	C:\WINDOWS\System32\msvcrt.dll
0x00007ffa76870000 - 0x00007ffa76988000 	C:\WINDOWS\System32\gdi32full.dll
0x00007ffa76330000 - 0x00007ffa763cd000 	C:\WINDOWS\System32\msvcp_win.dll
0x00007ffa78de0000 - 0x00007ffa78e12000 	C:\WINDOWS\System32\IMM32.DLL
0x00007ffa34ec0000 - 0x00007ffa34f5d000 	C:\Program Files\Android\Android Studio\jre\bin\msvcp140.dll
0x00007ff9f4360000 - 0x00007ff9f4e45000 	C:\Program Files\Android\Android Studio\jre\bin\server\jvm.dll
0x00007ffa78ca0000 - 0x00007ffa78d4e000 	C:\WINDOWS\System32\ADVAPI32.dll
0x00007ffa785a0000 - 0x00007ffa7863e000 	C:\WINDOWS\System32\sechost.dll
0x00007ffa788a0000 - 0x00007ffa789c0000 	C:\WINDOWS\System32\RPCRT4.dll
0x00007ffa71320000 - 0x00007ffa71353000 	C:\WINDOWS\SYSTEM32\WINMM.dll
0x00007ffa6e810000 - 0x00007ffa6e81a000 	C:\WINDOWS\SYSTEM32\VERSION.dll
0x00007ffa781c0000 - 0x00007ffa781c8000 	C:\WINDOWS\System32\PSAPI.DLL
0x00007ffa568b0000 - 0x00007ffa568b9000 	C:\WINDOWS\SYSTEM32\WSOCK32.dll
0x00007ffa787b0000 - 0x00007ffa7881f000 	C:\WINDOWS\System32\WS2_32.dll
0x00007ffa753b0000 - 0x00007ffa753c8000 	C:\WINDOWS\SYSTEM32\kernel.appcore.dll
0x00007ffa53660000 - 0x00007ffa53671000 	C:\Program Files\Android\Android Studio\jre\bin\verify.dll
0x00007ffa73ee0000 - 0x00007ffa74101000 	C:\WINDOWS\SYSTEM32\DBGHELP.DLL
0x00007ffa66c50000 - 0x00007ffa66c81000 	C:\WINDOWS\SYSTEM32\dbgcore.DLL
0x00007ffa769c0000 - 0x00007ffa76a3f000 	C:\WINDOWS\System32\bcryptPrimitives.dll
0x00007ffa4dab0000 - 0x00007ffa4dad9000 	C:\Program Files\Android\Android Studio\jre\bin\java.dll
0x00007ffa54890000 - 0x00007ffa5489b000 	C:\Program Files\Android\Android Studio\jre\bin\jimage.dll
0x00007ffa4da90000 - 0x00007ffa4daa8000 	C:\Program Files\Android\Android Studio\jre\bin\zip.dll
0x00007ffa77a00000 - 0x00007ffa781b8000 	C:\WINDOWS\System32\SHELL32.dll
0x00007ffa74420000 - 0x00007ffa74c85000 	C:\WINDOWS\SYSTEM32\windows.storage.dll
0x00007ffa774d0000 - 0x00007ffa77848000 	C:\WINDOWS\System32\combase.dll
0x00007ffa742b0000 - 0x00007ffa74416000 	C:\WINDOWS\SYSTEM32\wintypes.dll
0x00007ffa786c0000 - 0x00007ffa787aa000 	C:\WINDOWS\System32\SHCORE.dll
0x00007ffa78840000 - 0x00007ffa7889d000 	C:\WINDOWS\System32\shlwapi.dll
0x00007ffa76260000 - 0x00007ffa76281000 	C:\WINDOWS\SYSTEM32\profapi.dll
0x00007ffa4afe0000 - 0x00007ffa4affa000 	C:\Program Files\Android\Android Studio\jre\bin\net.dll
0x00007ffa6fe80000 - 0x00007ffa6ff94000 	C:\WINDOWS\SYSTEM32\WINHTTP.dll
0x00007ffa75850000 - 0x00007ffa758b7000 	C:\WINDOWS\system32\mswsock.dll
0x00007ffa4ab00000 - 0x00007ffa4ab14000 	C:\Program Files\Android\Android Studio\jre\bin\nio.dll
0x00007ffa51030000 - 0x00007ffa51057000 	C:\Users\LENOVO\.gradle\native\e1d6ef7f7dcc3fd88c89a11ec53ec762bb8ba0a96d01ffa2cd45eb1d1d8dd5c5\windows-amd64\native-platform.dll
0x00007ffa34a90000 - 0x00007ffa34bd4000 	C:\Users\LENOVO\.gradle\native\5664cfc778a61ccfe75a443a1ab52a65af34e5dc3c78e0209fed803814484fcb\windows-amd64\native-platform-file-events.dll
0x00007ffa53a40000 - 0x00007ffa53a4a000 	C:\Program Files\Android\Android Studio\jre\bin\management.dll
0x00007ffa53190000 - 0x00007ffa5319d000 	C:\Program Files\Android\Android Studio\jre\bin\management_ext.dll
0x00007ffa75b10000 - 0x00007ffa75b28000 	C:\WINDOWS\SYSTEM32\CRYPTSP.dll
0x00007ffa75310000 - 0x00007ffa75345000 	C:\WINDOWS\system32\rsaenh.dll
0x00007ffa759b0000 - 0x00007ffa759d9000 	C:\WINDOWS\SYSTEM32\USERENV.dll
0x00007ffa75c90000 - 0x00007ffa75cb7000 	C:\WINDOWS\SYSTEM32\bcrypt.dll
0x00007ffa75b00000 - 0x00007ffa75b0c000 	C:\WINDOWS\SYSTEM32\CRYPTBASE.dll
0x00007ffa74ee0000 - 0x00007ffa74f0d000 	C:\WINDOWS\SYSTEM32\IPHLPAPI.DLL
0x00007ffa78260000 - 0x00007ffa78269000 	C:\WINDOWS\System32\NSI.dll
0x00007ffa6f350000 - 0x00007ffa6f369000 	C:\WINDOWS\SYSTEM32\dhcpcsvc6.DLL
0x00007ffa712b0000 - 0x00007ffa712ce000 	C:\WINDOWS\SYSTEM32\dhcpcsvc.DLL
0x00007ffa74f10000 - 0x00007ffa74ff8000 	C:\WINDOWS\SYSTEM32\DNSAPI.dll
0x00007ffa753d0000 - 0x00007ffa75404000 	C:\WINDOWS\SYSTEM32\ntmarta.dll
0x00007ffa49a60000 - 0x00007ffa49a87000 	C:\Program Files\Android\Android Studio\jre\bin\sunec.dll

dbghelp: loaded successfully - version: 4.0.5 - missing functions: none
symbol engine: initialized successfully - sym options: 0x614 - pdb path: .;C:\Program Files\Android\Android Studio\jre\bin;C:\WINDOWS\SYSTEM32;C:\WINDOWS\WinSxS\amd64_microsoft.windows.common-controls_6595b64144ccf1df_6.0.22000.120_none_9d947278b86cc467;C:\Program Files\Android\Android Studio\jre\bin\server;C:\Users\LENOVO\.gradle\native\e1d6ef7f7dcc3fd88c89a11ec53ec762bb8ba0a96d01ffa2cd45eb1d1d8dd5c5\windows-amd64;C:\Users\LENOVO\.gradle\native\5664cfc778a61ccfe75a443a1ab52a65af34e5dc3c78e0209fed803814484fcb\windows-amd64

VM Arguments:
jvm_args: --add-opens=java.base/java.util=ALL-UNNAMED --add-opens=java.base/java.lang=ALL-UNNAMED --add-opens=java.base/java.lang.invoke=ALL-UNNAMED --add-opens=java.base/java.util=ALL-UNNAMED --add-opens=java.prefs/java.util.prefs=ALL-UNNAMED --add-opens=java.prefs/java.util.prefs=ALL-UNNAMED --add-opens=java.base/java.nio.charset=ALL-UNNAMED --add-opens=java.base/java.net=ALL-UNNAMED --add-opens=java.base/java.util.concurrent.atomic=ALL-UNNAMED -Xmx2048m -Dfile.encoding=UTF-8 -Duser.country=ID -Duser.language=en -Duser.variant 
java_command: org.gradle.launcher.daemon.bootstrap.GradleDaemon 7.3.3
java_class_path (initial): C:\Users\LENOVO\.gradle\wrapper\dists\gradle-7.3.3-bin\6a41zxkdtcxs8rphpq6y0069z\gradle-7.3.3\lib\gradle-launcher-7.3.3.jar
Launcher Type: SUN_STANDARD

[Global flags]
     intx CICompilerCount                          = 4                                         {product} {ergonomic}
     uint ConcGCThreads                            = 2                                         {product} {ergonomic}
     uint G1ConcRefinementThreads                  = 8                                         {product} {ergonomic}
   size_t G1HeapRegionSize                         = 1048576                                   {product} {ergonomic}
    uintx GCDrainStackTargetSize                   = 64                                        {product} {ergonomic}
   size_t InitialHeapSize                          = 98566144                                  {product} {ergonomic}
   size_t MarkStackSize                            = 4194304                                   {product} {ergonomic}
   size_t MaxHeapSize                              = 2147483648                                {product} {command line}
   size_t MaxNewSize                               = 1287651328                                {product} {ergonomic}
   size_t MinHeapDeltaBytes                        = 1048576                                   {product} {ergonomic}
    uintx NonNMethodCodeHeapSize                   = 5836300                                {pd product} {ergonomic}
    uintx NonProfiledCodeHeapSize                  = 122910970                              {pd product} {ergonomic}
    uintx ProfiledCodeHeapSize                     = 122910970                              {pd product} {ergonomic}
    uintx ReservedCodeCacheSize                    = 251658240                              {pd product} {ergonomic}
     bool SegmentedCodeCache                       = true                                      {product} {ergonomic}
     bool UseCompressedClassPointers               = true                                 {lp64_product} {ergonomic}
     bool UseCompressedOops                        = true                                 {lp64_product} {ergonomic}
     bool UseG1GC                                  = true                                      {product} {ergonomic}
     bool UseLargePagesIndividualAllocation        = false                                  {pd product} {ergonomic}

Logging:
Log output configuration:
 #0: stdout all=warning uptime,level,tags
 #1: stderr all=off uptime,level,tags

Environment Variables:
JAVA_HOME=C:\Program Files\Java\jdk1.8.0_121
PATH=C:\Program Files\Microsoft\jdk-17.0.4.101-hotspot\bin;C:\oraclexe\app\oracle\product\11.2.0\server\bin;;C:\ProgramData\Oracle\Java\javapath;C:\WINDOWS\system32;C:\WINDOWS;C:\WINDOWS\System32\Wbem;C:\WINDOWS\System32\WindowsPowerShell\v1.0\;C:\WINDOWS\System32\OpenSSH\;C:\Program Files\Java\jdk1.8.0_121\bin;C:\Program Files\Microsoft SQL Server\Client SDK\ODBC\170\Tools\Binn\;C:\Program Files (x86)\Microsoft SQL Server\150\Tools\Binn\;C:\Program Files\Microsoft SQL Server\150\Tools\Binn\;C:\Program Files\Microsoft SQL Server\150\DTS\Binn\;C:\Program Files\Azure Data Studio\bin;C:\Program Files\Git\cmd;D:\COOLYEAH\xampp\php;C:\ProgramData\ComposerSetup\bin;C:\Program Files\nodejs\;C:\Program Files (x86)\Microsoft SQL Server\150\DTS\Binn\;C:\Program Files\dotnet\;C:\Program Files\Microsoft SQL Server\130\Tools\Binn\;C:\Users\LENOVO\AppData\Local\Microsoft\WindowsApps;C:\Users\LENOVO\AppData\Local\Programs\Microsoft VS Code\bin;C:\Program Files\Azure Data Studio\bin;C:\Users\LENOVO\AppData\Roaming\Composer\vendor\bin;C:\src\flutter\flutter\bin;C:\Users\LENOVO\AppData\Roaming\npm;C:\Users\LENOVO\.dotnet\tools
USERNAME=Dimsa Mutiara
OS=Windows_NT
PROCESSOR_IDENTIFIER=AMD64 Family 23 Model 104 Stepping 1, AuthenticAMD



---------------  S Y S T E M  ---------------

OS: Windows 10 , 64 bit Build 22000 (10.0.22000.1219)
OS uptime: 8 days 7:19 hours

CPU:total 8 (initial active 8) (8 cores per cpu, 2 threads per core) family 23 model 104 stepping 1 microcode 0x0, cmov, cx8, fxsr, mmx, sse, sse2, sse3, ssse3, sse4.1, sse4.2, popcnt, avx, avx2, aes, clmul, mmxext, 3dnowpref, lzcnt, sse4a, ht, tsc, tscinvbit, tscinv, bmi1, bmi2, adx, sha, fma

Memory: 4k page, system-wide physical 6005M (127M free)
TotalPageFile size 24437M (AvailPageFile size 5M)
current process WorkingSet (physical memory assigned to process): 244M, peak: 559M
current process commit charge ("private bytes"): 646M, peak: 658M

vm_info: OpenJDK 64-Bit Server VM (11.0.12+7-b1504.28-7817840) for windows-amd64 JRE (11.0.12+7-b1504.28-7817840), built on Oct 13 2021 22:12:33 by "builder" with MS VC++ 14.0 (VS2015)

END.
